#
# There is insufficient memory for the Java Runtime Environment to continue.
# Native memory allocation (malloc) failed to allocate 938624 bytes for Chunk::new
# Possible reasons:
#   The system is out of physical RAM or swap space
#   The process is running with CompressedOops enabled, and the Java Heap may be blocking the growth of the native heap
# Possible solutions:
#   Reduce memory load on the system
#   Increase physical memory or swap space
#   Check if swap backing store is full
#   Decrease Java heap size (-Xmx/-Xms)
#   Decrease number of Java threads
#   Decrease Java thread stack sizes (-Xss)
#   Set larger code cache with -XX:ReservedCodeCacheSize=
#   JVM is running with Unscaled Compressed Oops mode in which the Java heap is
#     placed in the first 4GB address space. The Java Heap base address is the
#     maximum limit for the native heap growth. Please use -XX:HeapBaseMinAddress
#     to set the Java Heap base and to place the Java Heap above 4GB virtual address.
# This output file may be truncated or incomplete.
#
#  Out of Memory Error (arena.cpp:189), pid=5664, tid=6324
#
# JRE version: OpenJDK Runtime Environment Temurin-17.0.6+10 (17.0.6+10) (build 17.0.6+10)
# Java VM: OpenJDK 64-Bit Server VM Temurin-17.0.6+10 (17.0.6+10, mixed mode, tiered, compressed oops, compressed class ptrs, parallel gc, windows-amd64)
# No core dump will be written. Minidumps are not enabled by default on client versions of Windows
#

---------------  S U M M A R Y ------------

Command Line: --add-modules=ALL-SYSTEM --add-opens=java.base/java.util=ALL-UNNAMED --add-opens=java.base/java.lang=ALL-UNNAMED --add-opens=java.base/sun.nio.fs=ALL-UNNAMED -Declipse.application=org.eclipse.jdt.ls.core.id1 -Dosgi.bundles.defaultStartLevel=4 -Declipse.product=org.eclipse.jdt.ls.core.product -Djava.import.generatesMetadataFilesAtProjectRoot=false -Dfile.encoding=utf8 -XX:+UseParallelGC -XX:GCTimeRatio=4 -XX:AdaptiveSizePolicyWeight=90 -Dsun.zip.disableMemoryMapping=true -Xmx1G -Xms100m -Xlog:disable -javaagent:c:\Users\me\.vscode\extensions\redhat.java-1.16.0-win32-x64\lombok\lombok-1.18.24.jar c:\Users\me\.vscode\extensions\redhat.java-1.16.0-win32-x64\server\plugins\org.eclipse.equinox.launcher_1.6.400.v20210924-0641.jar -configuration c:\Users\me\AppData\Roaming\Code\User\globalStorage\redhat.java\1.16.0\config_ss_win -data c:\Users\me\AppData\Roaming\Code\User\workspaceStorage\0ca24feb6683ee46eb2484d2fc0ca70d\redhat.java\ss_ws

Host: Intel(R) Xeon(R) CPU E3-1231 v3 @ 3.40GHz, 8 cores, 7G,  Windows 10 , 64 bit Build 19041 (10.0.19041.3155)
Time: Tue Sep 12 14:02:11 2023  Windows 10 , 64 bit Build 19041 (10.0.19041.3155) elapsed time: 7.121176 seconds (0d 0h 0m 7s)

---------------  T H R E A D  ---------------

Current thread (0x000001f36d78d8f0):  JavaThread "C2 CompilerThread0" daemon [_thread_in_native, id=6324, stack(0x0000003822800000,0x0000003822900000)]


Current CompileTask:
C2:   7121 3366   !   4       java.nio.file.FileTreeWalker::next (144 bytes)

Stack: [0x0000003822800000,0x0000003822900000]
Native frames: (J=compiled Java code, j=interpreted, Vv=VM code, C=native code)
V  [jvm.dll+0x67741a]
V  [jvm.dll+0x834434]
V  [jvm.dll+0x835bde]
V  [jvm.dll+0x836243]
V  [jvm.dll+0x2457b5]
V  [jvm.dll+0xabafc]
V  [jvm.dll+0xac0cc]
V  [jvm.dll+0x3634e7]
V  [jvm.dll+0x32dda1]
V  [jvm.dll+0x32d24a]
V  [jvm.dll+0x2185f1]
V  [jvm.dll+0x217a11]
V  [jvm.dll+0x1a3d0d]
V  [jvm.dll+0x22742a]
V  [jvm.dll+0x225565]
V  [jvm.dll+0x7ea2cb]
V  [jvm.dll+0x7e483a]
V  [jvm.dll+0x6762c5]
C  [ucrtbase.dll+0x21bb2]
C  [KERNEL32.DLL+0x17614]
C  [ntdll.dll+0x526b1]


---------------  P R O C E S S  ---------------

Threads class SMR info:
_java_thread_list=0x000001f36da8b080, length=25, elements={
0x000001f3574c0b50, 0x000001f35756d200, 0x000001f36be34010, 0x000001f36d785550,
0x000001f36d7861d0, 0x000001f36d788d60, 0x000001f36d78bcf0, 0x000001f36d78d8f0,
0x000001f36d7a0cb0, 0x000001f36d7a95a0, 0x000001f3575234e0, 0x000001f36da2a780,
0x000001f36efde7e0, 0x000001f36f9af250, 0x000001f36fb41010, 0x000001f36f9cc590,
0x000001f36eddf040, 0x000001f36fb9a650, 0x000001f36f935840, 0x000001f36fc69ff0,
0x000001f36fc687e0, 0x000001f36fc68cb0, 0x000001f36fc67970, 0x000001f36ef47ce0,
0x000001f370775ce0
}

Java Threads: ( => current thread )
  0x000001f3574c0b50 JavaThread "main" [_thread_blocked, id=10868, stack(0x0000003821f00000,0x0000003822000000)]
  0x000001f35756d200 JavaThread "Reference Handler" daemon [_thread_blocked, id=15792, stack(0x0000003822200000,0x0000003822300000)]
  0x000001f36be34010 JavaThread "Finalizer" daemon [_thread_blocked, id=10044, stack(0x0000003822300000,0x0000003822400000)]
  0x000001f36d785550 JavaThread "Signal Dispatcher" daemon [_thread_blocked, id=10772, stack(0x0000003822400000,0x0000003822500000)]
  0x000001f36d7861d0 JavaThread "Attach Listener" daemon [_thread_blocked, id=13696, stack(0x0000003822500000,0x0000003822600000)]
  0x000001f36d788d60 JavaThread "Service Thread" daemon [_thread_blocked, id=12016, stack(0x0000003822600000,0x0000003822700000)]
  0x000001f36d78bcf0 JavaThread "Monitor Deflation Thread" daemon [_thread_blocked, id=9548, stack(0x0000003822700000,0x0000003822800000)]
=>0x000001f36d78d8f0 JavaThread "C2 CompilerThread0" daemon [_thread_in_native, id=6324, stack(0x0000003822800000,0x0000003822900000)]
  0x000001f36d7a0cb0 JavaThread "C1 CompilerThread0" daemon [_thread_blocked, id=6164, stack(0x0000003822900000,0x0000003822a00000)]
  0x000001f36d7a95a0 JavaThread "Sweeper thread" daemon [_thread_blocked, id=2196, stack(0x0000003822a00000,0x0000003822b00000)]
  0x000001f3575234e0 JavaThread "Common-Cleaner" daemon [_thread_blocked, id=5080, stack(0x0000003822b00000,0x0000003822c00000)]
  0x000001f36da2a780 JavaThread "Notification Thread" daemon [_thread_blocked, id=5084, stack(0x0000003822c00000,0x0000003822d00000)]
  0x000001f36efde7e0 JavaThread "Active Thread: Equinox Container: f0a9b2db-4a27-450e-8e72-3cfc63712344" [_thread_blocked, id=7592, stack(0x0000003823500000,0x0000003823600000)]
  0x000001f36f9af250 JavaThread "Framework Event Dispatcher: Equinox Container: f0a9b2db-4a27-450e-8e72-3cfc63712344" daemon [_thread_blocked, id=14616, stack(0x0000003823600000,0x0000003823700000)]
  0x000001f36fb41010 JavaThread "Start Level: Equinox Container: f0a9b2db-4a27-450e-8e72-3cfc63712344" daemon [_thread_blocked, id=5832, stack(0x0000003823700000,0x0000003823800000)]
  0x000001f36f9cc590 JavaThread "SCR Component Actor" daemon [_thread_blocked, id=15020, stack(0x0000003823800000,0x0000003823900000)]
  0x000001f36eddf040 JavaThread "SCR Component Registry" daemon [_thread_blocked, id=4012, stack(0x0000003823a00000,0x0000003823b00000)]
  0x000001f36fb9a650 JavaThread "Worker-JM" [_thread_blocked, id=16360, stack(0x0000003823400000,0x0000003823500000)]
  0x000001f36f935840 JavaThread "Worker-0: Initialize Workspace" [_thread_in_Java, id=7604, stack(0x0000003823c00000,0x0000003823d00000)]
  0x000001f36fc69ff0 JavaThread "Worker-1" [_thread_blocked, id=8768, stack(0x0000003823b00000,0x0000003823c00000)]
  0x000001f36fc687e0 JavaThread "JNA Cleaner" daemon [_thread_blocked, id=14696, stack(0x0000003823d00000,0x0000003823e00000)]
  0x000001f36fc68cb0 JavaThread "pool-2-thread-1" [_thread_blocked, id=5860, stack(0x0000003824000000,0x0000003824100000)]
  0x000001f36fc67970 JavaThread "pool-1-thread-1" [_thread_blocked, id=6840, stack(0x0000003824100000,0x0000003824200000)]
  0x000001f36ef47ce0 JavaThread "C2 CompilerThread1" daemon [_thread_in_vm, id=6136, stack(0x0000003824200000,0x0000003824300000)]
  0x000001f370775ce0 JavaThread "C2 CompilerThread2" daemon [_thread_in_native, id=15812, stack(0x0000003824300000,0x0000003824400000)]

Other Threads:
  0x000001f357569d00 VMThread "VM Thread" [stack: 0x0000003822100000,0x0000003822200000] [id=5300]
  0x000001f36da2ac50 WatcherThread [stack: 0x0000003822d00000,0x0000003822e00000] [id=3664]
  0x000001f3574d55f0 GCTaskThread "GC Thread#0" [stack: 0x0000003822000000,0x0000003822100000] [id=10632]
  0x000001f36efd3870 GCTaskThread "GC Thread#1" [stack: 0x0000003822e00000,0x0000003822f00000] [id=5540]
  0x000001f36eb818b0 GCTaskThread "GC Thread#2" [stack: 0x0000003822f00000,0x0000003823000000] [id=15888]
  0x000001f36eb81b60 GCTaskThread "GC Thread#3" [stack: 0x0000003823000000,0x0000003823100000] [id=15788]
  0x000001f36ed0e480 GCTaskThread "GC Thread#4" [stack: 0x0000003823100000,0x0000003823200000] [id=13492]
  0x000001f36ed0e730 GCTaskThread "GC Thread#5" [stack: 0x0000003823200000,0x0000003823300000] [id=3032]
  0x000001f36ed0e9e0 GCTaskThread "GC Thread#6" [stack: 0x0000003823300000,0x0000003823400000] [id=10948]
  0x000001f36f9cb430 GCTaskThread "GC Thread#7" [stack: 0x0000003823900000,0x0000003823a00000] [id=13592]

Threads with active compile tasks:
C2 CompilerThread0     7229 3366   !   4       java.nio.file.FileTreeWalker::next (144 bytes)
C2 CompilerThread1     7229 3423       4       org.eclipse.jdt.internal.compiler.classfmt.ClassFileStruct::utf8At (171 bytes)
C2 CompilerThread2     7229 3413       4       jdk.internal.jrtfs.JrtFileSystem$$Lambda$190/0x00000001003a4000::apply (16 bytes)

VM state: not at safepoint (normal execution)

VM Mutex/Monitor currently owned by a thread: None

Heap address: 0x00000000c0000000, size: 1024 MB, Compressed Oops mode: 32-bit

CDS archive(s) not mapped
Compressed class space mapped at: 0x0000000100000000-0x0000000140000000, reserved size: 1073741824
Narrow klass base: 0x0000000000000000, Narrow klass shift: 3, Narrow klass range: 0x140000000

GC Precious Log:
 CPUs: 8 total, 8 available
 Memory: 8150M
 Large Page Support: Disabled
 NUMA Support: Disabled
 Compressed Oops: Enabled (32-bit)
 Alignments: Space 512K, Generation 512K, Heap 2M
 Heap Min Capacity: 100M
 Heap Initial Capacity: 100M
 Heap Max Capacity: 1G
 Pre-touch: Disabled
 Parallel Workers: 8

Heap:
 PSYoungGen      total 22528K, used 1217K [0x00000000eab00000, 0x00000000ec600000, 0x0000000100000000)
  eden space 22016K, 3% used [0x00000000eab00000,0x00000000eabb0750,0x00000000ec080000)
  from space 512K, 100% used [0x00000000ec580000,0x00000000ec600000,0x00000000ec600000)
  to   space 2560K, 0% used [0x00000000ec300000,0x00000000ec300000,0x00000000ec580000)
 ParOldGen       total 68608K, used 17911K [0x00000000c0000000, 0x00000000c4300000, 0x00000000eab00000)
  object space 68608K, 26% used [0x00000000c0000000,0x00000000c117de28,0x00000000c4300000)
 Metaspace       used 35417K, committed 36160K, reserved 1089536K
  class space    used 3594K, committed 3968K, reserved 1048576K

Card table byte_map: [0x000001f3696d0000,0x000001f3698e0000] _byte_map_base: 0x000001f3690d0000

Marking Bits: (ParMarkBitMap*) 0x00007ffe10613e70
 Begin Bits: [0x000001f369a40000, 0x000001f36aa40000)
 End Bits:   [0x000001f36aa40000, 0x000001f36ba40000)

Polling page: 0x000001f357570000

Metaspace:

Usage:
  Non-class:     31.08 MB used.
      Class:      3.51 MB used.
       Both:     34.59 MB used.

Virtual space:
  Non-class space:       40.00 MB reserved,      31.44 MB ( 79%) committed,  5 nodes.
      Class space:        1.00 GB reserved,       3.88 MB ( <1%) committed,  1 nodes.
             Both:        1.04 GB reserved,      35.31 MB (  3%) committed. 

Chunk freelists:
   Non-Class:  3.81 MB
       Class:  3.99 MB
        Both:  7.80 MB

MaxMetaspaceSize: unlimited
CompressedClassSpaceSize: 1.00 GB
Initial GC threshold: 21.00 MB
Current GC threshold: 58.38 MB
CDS: off
MetaspaceReclaimPolicy: balanced
 - commit_granule_bytes: 65536.
 - commit_granule_words: 8192.
 - virtual_space_node_default_size: 1048576.
 - enlarge_chunks_in_place: 1.
 - new_chunks_are_fully_committed: 0.
 - uncommit_free_chunks: 1.
 - use_allocation_guard: 0.
 - handle_deallocations: 1.


Internal statistics:

num_allocs_failed_limit: 6.
num_arena_births: 294.
num_arena_deaths: 14.
num_vsnodes_births: 6.
num_vsnodes_deaths: 0.
num_space_committed: 565.
num_space_uncommitted: 0.
num_chunks_returned_to_freelist: 20.
num_chunks_taken_from_freelist: 1384.
num_chunk_merges: 10.
num_chunk_splits: 907.
num_chunks_enlarged: 605.
num_purges: 2.
num_inconsistent_stats: 0.

CodeHeap 'non-profiled nmethods': size=120000Kb used=1658Kb max_used=1658Kb free=118342Kb
 bounds [0x000001f361fc0000, 0x000001f362230000, 0x000001f3694f0000]
CodeHeap 'profiled nmethods': size=120000Kb used=6837Kb max_used=6837Kb free=113162Kb
 bounds [0x000001f35a4f0000, 0x000001f35aba0000, 0x000001f361a20000]
CodeHeap 'non-nmethods': size=5760Kb used=1264Kb max_used=1319Kb free=4495Kb
 bounds [0x000001f361a20000, 0x000001f361c90000, 0x000001f361fc0000]
 total_blobs=4020 nmethods=3437 adapters=496
 compilation: enabled
              stopped_count=0, restarted_count=0
 full_count=0

Compilation events (20 events):
Event: 7.057 Thread 0x000001f370775ce0 3393       4       java.util.stream.SpinedBuffer::get (123 bytes)
Event: 7.057 Thread 0x000001f370775ce0 nmethod 3393 0x000001f362152610 code [0x000001f362152780, 0x000001f362152878]
Event: 7.057 Thread 0x000001f370775ce0 3411       4       java.util.stream.StreamSpliterators$WrappingSpliterator$$Lambda$74/0x0000000100154850::accept (9 bytes)
Event: 7.059 Thread 0x000001f370775ce0 nmethod 3411 0x000001f362152990 code [0x000001f362152b20, 0x000001f362152c78]
Event: 7.059 Thread 0x000001f370775ce0 3412       4       java.util.stream.SpinedBuffer::accept (94 bytes)
Event: 7.060 Thread 0x000001f370775ce0 nmethod 3412 0x000001f362152e10 code [0x000001f362152fa0, 0x000001f3621530b8]
Event: 7.060 Thread 0x000001f370775ce0 3413       4       jdk.internal.jrtfs.JrtFileSystem$$Lambda$190/0x00000001003a4000::apply (16 bytes)
Event: 7.103 Thread 0x000001f36ef47ce0 nmethod 3389 0x000001f362153190 code [0x000001f362153520, 0x000001f3621551d0]
Event: 7.103 Thread 0x000001f36ef47ce0 3284       4       jdk.internal.jrtfs.SystemImage$1::findNode (9 bytes)
Event: 7.104 Thread 0x000001f36ef47ce0 nmethod 3284 0x000001f362156c90 code [0x000001f362156e20, 0x000001f362156f08]
Event: 7.104 Thread 0x000001f36ef47ce0 3345       4       org.eclipse.jdt.internal.core.JavaModelManager::getJavaModelManager (4 bytes)
Event: 7.104 Thread 0x000001f36ef47ce0 nmethod 3345 0x000001f362157010 code [0x000001f362157180, 0x000001f3621571f8]
Event: 7.104 Thread 0x000001f36ef47ce0 3340       4       org.eclipse.jdt.internal.compiler.classfmt.ClassFileStruct::u2At (35 bytes)
Event: 7.105 Thread 0x000001f36ef47ce0 nmethod 3340 0x000001f362157310 code [0x000001f362157480, 0x000001f362157578]
Event: 7.105 Thread 0x000001f36ef47ce0 3296  s    4       jdk.internal.jrtfs.JrtDirectoryStream::close (6 bytes)
Event: 7.106 Thread 0x000001f36ef47ce0 nmethod 3296 0x000001f362157690 code [0x000001f362157800, 0x000001f3621579b8]
Event: 7.106 Thread 0x000001f36ef47ce0 3377       4       org.eclipse.jdt.internal.compiler.classfmt.ClassFileStruct::u1At (16 bytes)
Event: 7.106 Thread 0x000001f36ef47ce0 nmethod 3377 0x000001f362157a90 code [0x000001f362157c00, 0x000001f362157cb8]
Event: 7.106 Thread 0x000001f36ef47ce0 3302       4       java.util.stream.Sink::begin (1 bytes)
Event: 7.106 Thread 0x000001f36ef47ce0 nmethod 3302 0x000001f362157d90 code [0x000001f362157f00, 0x000001f362157f78]

GC Heap History (20 events):
Event: 3.263 GC heap before
{Heap before GC invocations=4 (full 0):
 PSYoungGen      total 29696K, used 8400K [0x00000000eab00000, 0x00000000ecc00000, 0x0000000100000000)
  eden space 25600K, 16% used [0x00000000eab00000,0x00000000eaf36c48,0x00000000ec400000)
  from space 4096K, 99% used [0x00000000ec400000,0x00000000ec7fd528,0x00000000ec800000)
  to   space 4096K, 0% used [0x00000000ec800000,0x00000000ec800000,0x00000000ecc00000)
 ParOldGen       total 68608K, used 3006K [0x00000000c0000000, 0x00000000c4300000, 0x00000000eab00000)
  object space 68608K, 4% used [0x00000000c0000000,0x00000000c02efa78,0x00000000c4300000)
 Metaspace       used 21134K, committed 21504K, reserved 1073152K
  class space    used 2151K, committed 2304K, reserved 1048576K
}
Event: 3.266 GC heap after
{Heap after GC invocations=4 (full 0):
 PSYoungGen      total 29696K, used 4086K [0x00000000eab00000, 0x00000000ecc00000, 0x0000000100000000)
  eden space 25600K, 0% used [0x00000000eab00000,0x00000000eab00000,0x00000000ec400000)
  from space 4096K, 99% used [0x00000000ec800000,0x00000000ecbfd9c0,0x00000000ecc00000)
  to   space 4096K, 0% used [0x00000000ec400000,0x00000000ec400000,0x00000000ec800000)
 ParOldGen       total 68608K, used 3189K [0x00000000c0000000, 0x00000000c4300000, 0x00000000eab00000)
  object space 68608K, 4% used [0x00000000c0000000,0x00000000c031d5f0,0x00000000c4300000)
 Metaspace       used 21134K, committed 21504K, reserved 1073152K
  class space    used 2151K, committed 2304K, reserved 1048576K
}
Event: 3.266 GC heap before
{Heap before GC invocations=5 (full 1):
 PSYoungGen      total 29696K, used 4086K [0x00000000eab00000, 0x00000000ecc00000, 0x0000000100000000)
  eden space 25600K, 0% used [0x00000000eab00000,0x00000000eab00000,0x00000000ec400000)
  from space 4096K, 99% used [0x00000000ec800000,0x00000000ecbfd9c0,0x00000000ecc00000)
  to   space 4096K, 0% used [0x00000000ec400000,0x00000000ec400000,0x00000000ec800000)
 ParOldGen       total 68608K, used 3189K [0x00000000c0000000, 0x00000000c4300000, 0x00000000eab00000)
  object space 68608K, 4% used [0x00000000c0000000,0x00000000c031d5f0,0x00000000c4300000)
 Metaspace       used 21134K, committed 21504K, reserved 1073152K
  class space    used 2151K, committed 2304K, reserved 1048576K
}
Event: 3.292 GC heap after
{Heap after GC invocations=5 (full 1):
 PSYoungGen      total 29696K, used 0K [0x00000000eab00000, 0x00000000ecc00000, 0x0000000100000000)
  eden space 25600K, 0% used [0x00000000eab00000,0x00000000eab00000,0x00000000ec400000)
  from space 4096K, 0% used [0x00000000ec800000,0x00000000ec800000,0x00000000ecc00000)
  to   space 4096K, 0% used [0x00000000ec400000,0x00000000ec400000,0x00000000ec800000)
 ParOldGen       total 68608K, used 7081K [0x00000000c0000000, 0x00000000c4300000, 0x00000000eab00000)
  object space 68608K, 10% used [0x00000000c0000000,0x00000000c06ea770,0x00000000c4300000)
 Metaspace       used 21121K, committed 21504K, reserved 1073152K
  class space    used 2148K, committed 2304K, reserved 1048576K
}
Event: 3.622 GC heap before
{Heap before GC invocations=6 (full 1):
 PSYoungGen      total 29696K, used 25600K [0x00000000eab00000, 0x00000000ecc00000, 0x0000000100000000)
  eden space 25600K, 100% used [0x00000000eab00000,0x00000000ec400000,0x00000000ec400000)
  from space 4096K, 0% used [0x00000000ec800000,0x00000000ec800000,0x00000000ecc00000)
  to   space 4096K, 0% used [0x00000000ec400000,0x00000000ec400000,0x00000000ec800000)
 ParOldGen       total 68608K, used 7081K [0x00000000c0000000, 0x00000000c4300000, 0x00000000eab00000)
  object space 68608K, 10% used [0x00000000c0000000,0x00000000c06ea770,0x00000000c4300000)
 Metaspace       used 24641K, committed 25088K, reserved 1073152K
  class space    used 2403K, committed 2560K, reserved 1048576K
}
Event: 3.623 GC heap after
{Heap after GC invocations=6 (full 1):
 PSYoungGen      total 26112K, used 807K [0x00000000eab00000, 0x00000000ec880000, 0x0000000100000000)
  eden space 25088K, 0% used [0x00000000eab00000,0x00000000eab00000,0x00000000ec380000)
  from space 1024K, 78% used [0x00000000ec400000,0x00000000ec4c9e50,0x00000000ec500000)
  to   space 2560K, 0% used [0x00000000ec600000,0x00000000ec600000,0x00000000ec880000)
 ParOldGen       total 68608K, used 7089K [0x00000000c0000000, 0x00000000c4300000, 0x00000000eab00000)
  object space 68608K, 10% used [0x00000000c0000000,0x00000000c06ec770,0x00000000c4300000)
 Metaspace       used 24641K, committed 25088K, reserved 1073152K
  class space    used 2403K, committed 2560K, reserved 1048576K
}
Event: 4.561 GC heap before
{Heap before GC invocations=7 (full 1):
 PSYoungGen      total 26112K, used 25895K [0x00000000eab00000, 0x00000000ec880000, 0x0000000100000000)
  eden space 25088K, 100% used [0x00000000eab00000,0x00000000ec380000,0x00000000ec380000)
  from space 1024K, 78% used [0x00000000ec400000,0x00000000ec4c9e50,0x00000000ec500000)
  to   space 2560K, 0% used [0x00000000ec600000,0x00000000ec600000,0x00000000ec880000)
 ParOldGen       total 68608K, used 7089K [0x00000000c0000000, 0x00000000c4300000, 0x00000000eab00000)
  object space 68608K, 10% used [0x00000000c0000000,0x00000000c06ec770,0x00000000c4300000)
 Metaspace       used 27486K, committed 27904K, reserved 1081344K
  class space    used 2646K, committed 2816K, reserved 1048576K
}
Event: 4.562 GC heap after
{Heap after GC invocations=7 (full 1):
 PSYoungGen      total 26112K, used 1426K [0x00000000eab00000, 0x00000000ec780000, 0x0000000100000000)
  eden space 24576K, 0% used [0x00000000eab00000,0x00000000eab00000,0x00000000ec300000)
  from space 1536K, 92% used [0x00000000ec600000,0x00000000ec764b08,0x00000000ec780000)
  to   space 2048K, 0% used [0x00000000ec380000,0x00000000ec380000,0x00000000ec580000)
 ParOldGen       total 68608K, used 7097K [0x00000000c0000000, 0x00000000c4300000, 0x00000000eab00000)
  object space 68608K, 10% used [0x00000000c0000000,0x00000000c06ee770,0x00000000c4300000)
 Metaspace       used 27486K, committed 27904K, reserved 1081344K
  class space    used 2646K, committed 2816K, reserved 1048576K
}
Event: 5.740 GC heap before
{Heap before GC invocations=8 (full 1):
 PSYoungGen      total 26112K, used 26002K [0x00000000eab00000, 0x00000000ec780000, 0x0000000100000000)
  eden space 24576K, 100% used [0x00000000eab00000,0x00000000ec300000,0x00000000ec300000)
  from space 1536K, 92% used [0x00000000ec600000,0x00000000ec764b08,0x00000000ec780000)
  to   space 2048K, 0% used [0x00000000ec380000,0x00000000ec380000,0x00000000ec580000)
 ParOldGen       total 68608K, used 7097K [0x00000000c0000000, 0x00000000c4300000, 0x00000000eab00000)
  object space 68608K, 10% used [0x00000000c0000000,0x00000000c06ee770,0x00000000c4300000)
 Metaspace       used 31922K, committed 32512K, reserved 1081344K
  class space    used 3201K, committed 3456K, reserved 1048576K
}
Event: 5.743 GC heap after
{Heap after GC invocations=8 (full 1):
 PSYoungGen      total 26112K, used 2018K [0x00000000eab00000, 0x00000000ec880000, 0x0000000100000000)
  eden space 24064K, 0% used [0x00000000eab00000,0x00000000eab00000,0x00000000ec280000)
  from space 2048K, 98% used [0x00000000ec380000,0x00000000ec578990,0x00000000ec580000)
  to   space 3072K, 0% used [0x00000000ec580000,0x00000000ec580000,0x00000000ec880000)
 ParOldGen       total 68608K, used 7649K [0x00000000c0000000, 0x00000000c4300000, 0x00000000eab00000)
  object space 68608K, 11% used [0x00000000c0000000,0x00000000c0778780,0x00000000c4300000)
 Metaspace       used 31922K, committed 32512K, reserved 1081344K
  class space    used 3201K, committed 3456K, reserved 1048576K
}
Event: 6.377 GC heap before
{Heap before GC invocations=9 (full 1):
 PSYoungGen      total 26112K, used 26078K [0x00000000eab00000, 0x00000000ec880000, 0x0000000100000000)
  eden space 24064K, 99% used [0x00000000eab00000,0x00000000ec27f068,0x00000000ec280000)
  from space 2048K, 98% used [0x00000000ec380000,0x00000000ec578990,0x00000000ec580000)
  to   space 3072K, 0% used [0x00000000ec580000,0x00000000ec580000,0x00000000ec880000)
 ParOldGen       total 68608K, used 7649K [0x00000000c0000000, 0x00000000c4300000, 0x00000000eab00000)
  object space 68608K, 11% used [0x00000000c0000000,0x00000000c0778780,0x00000000c4300000)
 Metaspace       used 34954K, committed 35648K, reserved 1081344K
  class space    used 3535K, committed 3904K, reserved 1048576K
}
Event: 6.389 GC heap after
{Heap after GC invocations=9 (full 1):
 PSYoungGen      total 26112K, used 3054K [0x00000000eab00000, 0x00000000eca00000, 0x0000000100000000)
  eden space 23040K, 0% used [0x00000000eab00000,0x00000000eab00000,0x00000000ec180000)
  from space 3072K, 99% used [0x00000000ec580000,0x00000000ec87b9a8,0x00000000ec880000)
  to   space 4096K, 0% used [0x00000000ec180000,0x00000000ec180000,0x00000000ec580000)
 ParOldGen       total 68608K, used 8321K [0x00000000c0000000, 0x00000000c4300000, 0x00000000eab00000)
  object space 68608K, 12% used [0x00000000c0000000,0x00000000c08207a0,0x00000000c4300000)
 Metaspace       used 34954K, committed 35648K, reserved 1081344K
  class space    used 3535K, committed 3904K, reserved 1048576K
}
Event: 6.477 GC heap before
{Heap before GC invocations=10 (full 1):
 PSYoungGen      total 26112K, used 10689K [0x00000000eab00000, 0x00000000eca00000, 0x0000000100000000)
  eden space 23040K, 33% used [0x00000000eab00000,0x00000000eb274c90,0x00000000ec180000)
  from space 3072K, 99% used [0x00000000ec580000,0x00000000ec87b9a8,0x00000000ec880000)
  to   space 4096K, 0% used [0x00000000ec180000,0x00000000ec180000,0x00000000ec580000)
 ParOldGen       total 68608K, used 8321K [0x00000000c0000000, 0x00000000c4300000, 0x00000000eab00000)
  object space 68608K, 12% used [0x00000000c0000000,0x00000000c08207a0,0x00000000c4300000)
 Metaspace       used 35139K, committed 35840K, reserved 1081344K
  class space    used 3563K, committed 3904K, reserved 1048576K
}
Event: 6.481 GC heap after
{Heap after GC invocations=10 (full 1):
 PSYoungGen      total 27136K, used 2793K [0x00000000eab00000, 0x00000000ec900000, 0x0000000100000000)
  eden space 23040K, 0% used [0x00000000eab00000,0x00000000eab00000,0x00000000ec180000)
  from space 4096K, 68% used [0x00000000ec180000,0x00000000ec43a408,0x00000000ec580000)
  to   space 3584K, 0% used [0x00000000ec580000,0x00000000ec580000,0x00000000ec900000)
 ParOldGen       total 68608K, used 9398K [0x00000000c0000000, 0x00000000c4300000, 0x00000000eab00000)
  object space 68608K, 13% used [0x00000000c0000000,0x00000000c092dab8,0x00000000c4300000)
 Metaspace       used 35139K, committed 35840K, reserved 1081344K
  class space    used 3563K, committed 3904K, reserved 1048576K
}
Event: 6.481 GC heap before
{Heap before GC invocations=11 (full 2):
 PSYoungGen      total 27136K, used 2793K [0x00000000eab00000, 0x00000000ec900000, 0x0000000100000000)
  eden space 23040K, 0% used [0x00000000eab00000,0x00000000eab00000,0x00000000ec180000)
  from space 4096K, 68% used [0x00000000ec180000,0x00000000ec43a408,0x00000000ec580000)
  to   space 3584K, 0% used [0x00000000ec580000,0x00000000ec580000,0x00000000ec900000)
 ParOldGen       total 68608K, used 9398K [0x00000000c0000000, 0x00000000c4300000, 0x00000000eab00000)
  object space 68608K, 13% used [0x00000000c0000000,0x00000000c092dab8,0x00000000c4300000)
 Metaspace       used 35139K, committed 35840K, reserved 1081344K
  class space    used 3563K, committed 3904K, reserved 1048576K
}
Event: 6.510 GC heap after
{Heap after GC invocations=11 (full 2):
 PSYoungGen      total 27136K, used 0K [0x00000000eab00000, 0x00000000ec900000, 0x0000000100000000)
  eden space 23040K, 0% used [0x00000000eab00000,0x00000000eab00000,0x00000000ec180000)
  from space 4096K, 0% used [0x00000000ec180000,0x00000000ec180000,0x00000000ec580000)
  to   space 3584K, 0% used [0x00000000ec580000,0x00000000ec580000,0x00000000ec900000)
 ParOldGen       total 68608K, used 11830K [0x00000000c0000000, 0x00000000c4300000, 0x00000000eab00000)
  object space 68608K, 17% used [0x00000000c0000000,0x00000000c0b8dab0,0x00000000c4300000)
 Metaspace       used 35139K, committed 35840K, reserved 1081344K
  class space    used 3563K, committed 3904K, reserved 1048576K
}
Event: 6.655 GC heap before
{Heap before GC invocations=12 (full 2):
 PSYoungGen      total 27136K, used 23040K [0x00000000eab00000, 0x00000000ec900000, 0x0000000100000000)
  eden space 23040K, 100% used [0x00000000eab00000,0x00000000ec180000,0x00000000ec180000)
  from space 4096K, 0% used [0x00000000ec180000,0x00000000ec180000,0x00000000ec580000)
  to   space 3584K, 0% used [0x00000000ec580000,0x00000000ec580000,0x00000000ec900000)
 ParOldGen       total 68608K, used 11830K [0x00000000c0000000, 0x00000000c4300000, 0x00000000eab00000)
  object space 68608K, 17% used [0x00000000c0000000,0x00000000c0b8dab0,0x00000000c4300000)
 Metaspace       used 35280K, committed 36032K, reserved 1089536K
  class space    used 3578K, committed 3904K, reserved 1048576K
}
Event: 6.658 GC heap after
{Heap after GC invocations=12 (full 2):
 PSYoungGen      total 25088K, used 2240K [0x00000000eab00000, 0x00000000ec800000, 0x0000000100000000)
  eden space 22528K, 0% used [0x00000000eab00000,0x00000000eab00000,0x00000000ec100000)
  from space 2560K, 87% used [0x00000000ec580000,0x00000000ec7b0010,0x00000000ec800000)
  to   space 2560K, 0% used [0x00000000ec300000,0x00000000ec300000,0x00000000ec580000)
 ParOldGen       total 68608K, used 11830K [0x00000000c0000000, 0x00000000c4300000, 0x00000000eab00000)
  object space 68608K, 17% used [0x00000000c0000000,0x00000000c0b8dab0,0x00000000c4300000)
 Metaspace       used 35280K, committed 36032K, reserved 1089536K
  class space    used 3578K, committed 3904K, reserved 1048576K
}
Event: 6.769 GC heap before
{Heap before GC invocations=13 (full 2):
 PSYoungGen      total 25088K, used 24768K [0x00000000eab00000, 0x00000000ec800000, 0x0000000100000000)
  eden space 22528K, 100% used [0x00000000eab00000,0x00000000ec100000,0x00000000ec100000)
  from space 2560K, 87% used [0x00000000ec580000,0x00000000ec7b0010,0x00000000ec800000)
  to   space 2560K, 0% used [0x00000000ec300000,0x00000000ec300000,0x00000000ec580000)
 ParOldGen       total 68608K, used 11830K [0x00000000c0000000, 0x00000000c4300000, 0x00000000eab00000)
  object space 68608K, 17% used [0x00000000c0000000,0x00000000c0b8dab0,0x00000000c4300000)
 Metaspace       used 35285K, committed 36032K, reserved 1089536K
  class space    used 3578K, committed 3904K, reserved 1048576K
}
Event: 6.774 GC heap after
{Heap after GC invocations=13 (full 2):
 PSYoungGen      total 24576K, used 2240K [0x00000000eab00000, 0x00000000ec600000, 0x0000000100000000)
  eden space 22016K, 0% used [0x00000000eab00000,0x00000000eab00000,0x00000000ec080000)
  from space 2560K, 87% used [0x00000000ec300000,0x00000000ec530010,0x00000000ec580000)
  to   space 512K, 0% used [0x00000000ec580000,0x00000000ec580000,0x00000000ec600000)
 ParOldGen       total 68608K, used 13874K [0x00000000c0000000, 0x00000000c4300000, 0x00000000eab00000)
  object space 68608K, 20% used [0x00000000c0000000,0x00000000c0d8cba8,0x00000000c4300000)
 Metaspace       used 35285K, committed 36032K, reserved 1089536K
  class space    used 3578K, committed 3904K, reserved 1048576K
}

Dll operation events (10 events):
Event: 0.020 Loaded shared library c:\Users\me\.vscode\extensions\redhat.java-1.16.0-win32-x64\jre\17.0.6-win32-x86_64\bin\java.dll
Event: 0.269 Loaded shared library c:\Users\me\.vscode\extensions\redhat.java-1.16.0-win32-x64\jre\17.0.6-win32-x86_64\bin\zip.dll
Event: 0.278 Loaded shared library C:\Users\me\.vscode\extensions\redhat.java-1.16.0-win32-x64\jre\17.0.6-win32-x86_64\bin\instrument.dll
Event: 0.297 Loaded shared library C:\Users\me\.vscode\extensions\redhat.java-1.16.0-win32-x64\jre\17.0.6-win32-x86_64\bin\net.dll
Event: 0.303 Loaded shared library C:\Users\me\.vscode\extensions\redhat.java-1.16.0-win32-x64\jre\17.0.6-win32-x86_64\bin\nio.dll
Event: 0.314 Loaded shared library C:\Users\me\.vscode\extensions\redhat.java-1.16.0-win32-x64\jre\17.0.6-win32-x86_64\bin\zip.dll
Event: 0.329 Loaded shared library C:\Users\me\.vscode\extensions\redhat.java-1.16.0-win32-x64\jre\17.0.6-win32-x86_64\bin\jimage.dll
Event: 0.415 Loaded shared library c:\Users\me\.vscode\extensions\redhat.java-1.16.0-win32-x64\jre\17.0.6-win32-x86_64\bin\verify.dll
Event: 2.087 Loaded shared library C:\Users\me\AppData\Roaming\Code\User\globalStorage\redhat.java\1.16.0\config_ss_win\org.eclipse.equinox.launcher\org.eclipse.equinox.launcher.win32.win32.x86_64_1.2.700.v20221108-1024\eclipse_11801.dll
Event: 5.036 Loaded shared library C:\Users\me\AppData\Local\Temp\jna-3480\jna3186838931789822752.dll

Deoptimization events (20 events):
Event: 6.562 Thread 0x000001f36f935840 Uncommon trap: trap_request=0xffffffc6 fr.pc=0x000001f3621196a8 relative=0x0000000000000628
Event: 6.562 Thread 0x000001f36f935840 Uncommon trap: reason=bimorphic_or_optimized_type_check action=maybe_recompile pc=0x000001f3621196a8 method=jdk.internal.jimage.ImageReader$SharedImageReader.findNode(Ljava/lang/String;)Ljdk/internal/jimage/ImageReader$Node; @ 22 c2
Event: 6.562 Thread 0x000001f36f935840 DEOPT PACKING pc=0x000001f3621196a8 sp=0x0000003823cfda50
Event: 6.562 Thread 0x000001f36f935840 DEOPT UNPACKING pc=0x000001f361a766a3 sp=0x0000003823cfda68 mode 2
Event: 6.562 Thread 0x000001f36f935840 Uncommon trap: trap_request=0xffffffc6 fr.pc=0x000001f3621196a8 relative=0x0000000000000628
Event: 6.562 Thread 0x000001f36f935840 Uncommon trap: reason=bimorphic_or_optimized_type_check action=maybe_recompile pc=0x000001f3621196a8 method=jdk.internal.jimage.ImageReader$SharedImageReader.findNode(Ljava/lang/String;)Ljdk/internal/jimage/ImageReader$Node; @ 22 c2
Event: 6.563 Thread 0x000001f36f935840 DEOPT PACKING pc=0x000001f3621196a8 sp=0x0000003823cfda50
Event: 6.563 Thread 0x000001f36f935840 DEOPT UNPACKING pc=0x000001f361a766a3 sp=0x0000003823cfda68 mode 2
Event: 6.563 Thread 0x000001f36f935840 Uncommon trap: trap_request=0xffffffc6 fr.pc=0x000001f3621196a8 relative=0x0000000000000628
Event: 6.563 Thread 0x000001f36f935840 Uncommon trap: reason=bimorphic_or_optimized_type_check action=maybe_recompile pc=0x000001f3621196a8 method=jdk.internal.jimage.ImageReader$SharedImageReader.findNode(Ljava/lang/String;)Ljdk/internal/jimage/ImageReader$Node; @ 22 c2
Event: 6.563 Thread 0x000001f36f935840 DEOPT PACKING pc=0x000001f3621196a8 sp=0x0000003823cfda50
Event: 6.563 Thread 0x000001f36f935840 DEOPT UNPACKING pc=0x000001f361a766a3 sp=0x0000003823cfda68 mode 2
Event: 6.563 Thread 0x000001f36f935840 Uncommon trap: trap_request=0xffffffc6 fr.pc=0x000001f3621196a8 relative=0x0000000000000628
Event: 6.563 Thread 0x000001f36f935840 Uncommon trap: reason=bimorphic_or_optimized_type_check action=maybe_recompile pc=0x000001f3621196a8 method=jdk.internal.jimage.ImageReader$SharedImageReader.findNode(Ljava/lang/String;)Ljdk/internal/jimage/ImageReader$Node; @ 22 c2
Event: 6.563 Thread 0x000001f36f935840 DEOPT PACKING pc=0x000001f3621196a8 sp=0x0000003823cfda50
Event: 6.563 Thread 0x000001f36f935840 DEOPT UNPACKING pc=0x000001f361a766a3 sp=0x0000003823cfda68 mode 2
Event: 6.567 Thread 0x000001f36f935840 Uncommon trap: trap_request=0xffffff45 fr.pc=0x000001f362114e5c relative=0x000000000000051c
Event: 6.567 Thread 0x000001f36f935840 Uncommon trap: reason=unstable_if action=reinterpret pc=0x000001f362114e5c method=java.util.HashMap.getNode(Ljava/lang/Object;)Ljava/util/HashMap$Node; @ 131 c2
Event: 6.567 Thread 0x000001f36f935840 DEOPT PACKING pc=0x000001f362114e5c sp=0x0000003823cfe010
Event: 6.567 Thread 0x000001f36f935840 DEOPT UNPACKING pc=0x000001f361a766a3 sp=0x0000003823cfdf90 mode 2

Classes unloaded (7 events):
Event: 3.270 Thread 0x000001f357569d00 Unloading class 0x0000000100212400 'java/lang/invoke/LambdaForm$MH+0x0000000100212400'
Event: 3.270 Thread 0x000001f357569d00 Unloading class 0x0000000100212000 'java/lang/invoke/LambdaForm$MH+0x0000000100212000'
Event: 3.270 Thread 0x000001f357569d00 Unloading class 0x0000000100211c00 'java/lang/invoke/LambdaForm$MH+0x0000000100211c00'
Event: 3.270 Thread 0x000001f357569d00 Unloading class 0x0000000100211800 'java/lang/invoke/LambdaForm$MH+0x0000000100211800'
Event: 3.270 Thread 0x000001f357569d00 Unloading class 0x0000000100211000 'java/lang/invoke/LambdaForm$BMH+0x0000000100211000'
Event: 3.270 Thread 0x000001f357569d00 Unloading class 0x0000000100210c00 'java/lang/invoke/LambdaForm$DMH+0x0000000100210c00'
Event: 3.270 Thread 0x000001f357569d00 Unloading class 0x000000010020e000 'java/lang/invoke/LambdaForm$DMH+0x000000010020e000'

Classes redefined (0 events):
No events

Internal exceptions (20 events):
Event: 4.710 Thread 0x000001f36fb41010 Exception <a 'java/lang/NoSuchMethodError'{0x00000000eac13e38}: 'java.lang.Object java.lang.invoke.DirectMethodHandle$Holder.invokeStaticInit(java.lang.Object, java.lang.Object, int, int, int, int)'> (0x00000000eac13e38) 
thrown [s\src\hotspot\share\interpreter\linkResolver.cpp, line 759]
Event: 4.795 Thread 0x000001f36fb41010 Exception <a 'java/lang/ClassNotFoundException'{0x00000000eaf7d0d0}: com/sun/org/apache/xml/internal/serializer/spi/XMLEntitiesProvider> (0x00000000eaf7d0d0) 
thrown [s\src\hotspot\share\classfile\systemDictionary.cpp, line 256]
Event: 4.942 Thread 0x000001f36fb41010 Exception <a 'java/io/FileNotFoundException'{0x00000000eb2d7ea0}> (0x00000000eb2d7ea0) 
thrown [s\src\hotspot\share\prims\jni.cpp, line 516]
Event: 5.364 Thread 0x000001f36fb41010 Exception <a 'java/lang/UnsatisfiedLinkError'{0x00000000eb63dea8}: 找不到指定的程序。
> (0x00000000eb63dea8) 
thrown [s\src\hotspot\share\prims\jni.cpp, line 535]
Event: 5.389 Thread 0x000001f36fb41010 Exception <a 'java/io/FileNotFoundException'{0x00000000eb661c40}> (0x00000000eb661c40) 
thrown [s\src\hotspot\share\prims\jni.cpp, line 516]
Event: 5.400 Thread 0x000001f36fb41010 Exception <a 'java/io/FileNotFoundException'{0x00000000eb6d4670}> (0x00000000eb6d4670) 
thrown [s\src\hotspot\share\prims\jni.cpp, line 516]
Event: 5.454 Thread 0x000001f36fb41010 Exception <a 'java/lang/UnsatisfiedLinkError'{0x00000000eb760450}: 找不到指定的程序。
> (0x00000000eb760450) 
thrown [s\src\hotspot\share\prims\jni.cpp, line 535]
Event: 5.497 Thread 0x000001f3574c0b50 Exception <a 'java/lang/NoSuchMethodError'{0x00000000eb880418}: 'java.lang.Object java.lang.invoke.DirectMethodHandle$Holder.invokeStatic(java.lang.Object, java.lang.Object, long, java.lang.Object)'> (0x00000000eb880418) 
thrown [s\src\hotspot\share\interpreter\linkResolver.cpp, line 759]
Event: 5.498 Thread 0x000001f3574c0b50 Exception <a 'java/lang/NoSuchMethodError'{0x00000000eb883eb0}: 'java.lang.Object java.lang.invoke.DirectMethodHandle$Holder.invokeStaticInit(java.lang.Object, java.lang.Object, long, java.lang.Object)'> (0x00000000eb883eb0) 
thrown [s\src\hotspot\share\interpreter\linkResolver.cpp, line 759]
Event: 5.498 Thread 0x000001f3574c0b50 Exception <a 'java/lang/NoSuchMethodError'{0x00000000eb88a4c0}: 'java.lang.Object java.lang.invoke.DirectMethodHandle$Holder.newInvokeSpecial(java.lang.Object, java.lang.Object, long)'> (0x00000000eb88a4c0) 
thrown [s\src\hotspot\share\interpreter\linkResolver.cpp, line 759]
Event: 5.499 Thread 0x000001f3574c0b50 Exception <a 'java/lang/NoSuchMethodError'{0x00000000eb88df00}: 'java.lang.Object java.lang.invoke.Invokers$Holder.linkToTargetMethod(java.lang.Object, long, java.lang.Object)'> (0x00000000eb88df00) 
thrown [s\src\hotspot\share\interpreter\linkResolver.cpp, line 759]
Event: 5.562 Thread 0x000001f3574c0b50 Exception <a 'java/lang/NoSuchMethodError'{0x00000000eba28b58}: 'void java.lang.invoke.DirectMethodHandle$Holder.invokeStatic(java.lang.Object, java.lang.Object, java.lang.Object, java.lang.Object)'> (0x00000000eba28b58) 
thrown [s\src\hotspot\share\interpreter\linkResolver.cpp, line 759]
Event: 5.725 Thread 0x000001f3574c0b50 Exception <a 'java/lang/NoSuchMethodError'{0x00000000ec2a2618}: 'void java.lang.invoke.DirectMethodHandle$Holder.invokeSpecial(java.lang.Object, java.lang.Object, java.lang.Object, java.lang.Object, java.lang.Object, java.lang.Object)'> (0x00000000ec2a2618) 
thrown [s\src\hotspot\share\interpreter\linkResolver.cpp, line 759]
Event: 5.728 Thread 0x000001f3574c0b50 Exception <a 'java/lang/IncompatibleClassChangeError'{0x00000000ec2ab4a0}: Found class java.lang.Object, but interface was expected> (0x00000000ec2ab4a0) 
thrown [s\src\hotspot\share\interpreter\linkResolver.cpp, line 826]
Event: 5.913 Thread 0x000001f36fc67970 Exception <a 'java/io/FileNotFoundException'{0x00000000eafabf60}> (0x00000000eafabf60) 
thrown [s\src\hotspot\share\prims\jni.cpp, line 516]
Event: 6.016 Thread 0x000001f36fc67970 Exception <a 'java/lang/NoSuchMethodError'{0x00000000eb45f988}: 'int java.lang.invoke.DirectMethodHandle$Holder.invokeVirtual(java.lang.Object, java.lang.Object)'> (0x00000000eb45f988) 
thrown [s\src\hotspot\share\interpreter\linkResolver.cpp, line 759]
Event: 6.112 Thread 0x000001f36f935840 Exception <a 'java/lang/NoSuchMethodError'{0x00000000eb84b628}: 'java.lang.Object java.lang.invoke.Invokers$Holder.invoke_MT(java.lang.Object, java.lang.Object, java.lang.Object)'> (0x00000000eb84b628) 
thrown [s\src\hotspot\share\interpreter\linkResolver.cpp, line 759]
Event: 6.516 Thread 0x000001f36f935840 Exception <a 'java/io/FileNotFoundException'{0x00000000eab2b168}> (0x00000000eab2b168) 
thrown [s\src\hotspot\share\prims\jni.cpp, line 516]
Event: 6.517 Thread 0x000001f36f935840 Exception <a 'java/io/FileNotFoundException'{0x00000000eab2ceb0}> (0x00000000eab2ceb0) 
thrown [s\src\hotspot\share\prims\jni.cpp, line 516]
Event: 6.519 Thread 0x000001f36f935840 Exception <a 'java/lang/NoSuchMethodError'{0x00000000eab39470}: 'void java.lang.invoke.DirectMethodHandle$Holder.invokeStaticInit(java.lang.Object, java.lang.Object, java.lang.Object)'> (0x00000000eab39470) 
thrown [s\src\hotspot\share\interpreter\linkResolver.cpp, line 759]

VM Operations (20 events):
Event: 5.347 Executing VM operation: HandshakeAllThreads done
Event: 5.599 Executing VM operation: HandshakeAllThreads
Event: 5.599 Executing VM operation: HandshakeAllThreads done
Event: 5.599 Executing VM operation: Cleanup
Event: 5.599 Executing VM operation: Cleanup done
Event: 5.740 Executing VM operation: ParallelGCFailedAllocation
Event: 5.743 Executing VM operation: ParallelGCFailedAllocation done
Event: 6.092 Executing VM operation: HandshakeAllThreads
Event: 6.092 Executing VM operation: HandshakeAllThreads done
Event: 6.127 Executing VM operation: HandshakeAllThreads
Event: 6.127 Executing VM operation: HandshakeAllThreads done
Event: 6.377 Executing VM operation: ParallelGCFailedAllocation
Event: 6.389 Executing VM operation: ParallelGCFailedAllocation done
Event: 6.477 Executing VM operation: CollectForMetadataAllocation
Event: 6.511 Executing VM operation: CollectForMetadataAllocation done
Event: 6.654 Executing VM operation: ParallelGCFailedAllocation
Event: 6.658 Executing VM operation: ParallelGCFailedAllocation done
Event: 6.767 Executing VM operation: ParallelGCFailedAllocation
Event: 6.774 Executing VM operation: ParallelGCFailedAllocation done
Event: 7.060 Executing VM operation: HandshakeAllThreads

Events (20 events):
Event: 6.175 loading class java/nio/file/FileTreeWalker$EventType
Event: 6.176 loading class java/nio/file/FileTreeWalker$EventType done
Event: 6.176 loading class java/nio/file/Files$3
Event: 6.176 loading class java/nio/file/Files$3 done
Event: 6.176 loading class java/nio/file/FileVisitResult
Event: 6.176 loading class java/nio/file/FileVisitResult done
Event: 6.289 loading class java/util/regex/Pattern$BackRef
Event: 6.289 loading class java/util/regex/Pattern$BackRef done
Event: 6.304 loading class java/lang/ThreadLocal$SuppliedThreadLocal
Event: 6.304 loading class java/lang/ThreadLocal$SuppliedThreadLocal done
Event: 6.393 loading class java/nio/channels/Channels
Event: 6.394 loading class java/nio/channels/Channels done
Event: 6.394 loading class java/nio/channels/Channels$ReadableByteChannelImpl
Event: 6.394 loading class java/nio/channels/Channels$ReadableByteChannelImpl done
Event: 6.395 loading class java/nio/channels/NonWritableChannelException
Event: 6.395 loading class java/nio/channels/NonWritableChannelException done
Event: 6.395 loading class sun/nio/ch/ChannelInputStream
Event: 6.395 loading class sun/nio/ch/ChannelInputStream done
Event: 6.395 loading class java/nio/channels/SelectableChannel
Event: 6.395 loading class java/nio/channels/SelectableChannel done


Dynamic libraries:
0x00007ff61a000000 - 0x00007ff61a00e000 	c:\Users\me\.vscode\extensions\redhat.java-1.16.0-win32-x64\jre\17.0.6-win32-x86_64\bin\java.exe
0x00007ffe57d30000 - 0x00007ffe57f28000 	C:\Windows\SYSTEM32\ntdll.dll
0x00007ffe56d10000 - 0x00007ffe56dcf000 	C:\Windows\System32\KERNEL32.DLL
0x00007ffe55900000 - 0x00007ffe55bf6000 	C:\Windows\System32\KERNELBASE.dll
0x00007ffe55620000 - 0x00007ffe55720000 	C:\Windows\System32\ucrtbase.dll
0x00007ffe4f0a0000 - 0x00007ffe4f0b7000 	c:\Users\me\.vscode\extensions\redhat.java-1.16.0-win32-x64\jre\17.0.6-win32-x86_64\bin\jli.dll
0x00007ffe4af00000 - 0x00007ffe4af19000 	c:\Users\me\.vscode\extensions\redhat.java-1.16.0-win32-x64\jre\17.0.6-win32-x86_64\bin\VCRUNTIME140.dll
0x00007ffe568a0000 - 0x00007ffe56a3d000 	C:\Windows\System32\USER32.dll
0x00007ffe55d30000 - 0x00007ffe55d52000 	C:\Windows\System32\win32u.dll
0x00007ffe3ce70000 - 0x00007ffe3d10a000 	C:\Windows\WinSxS\amd64_microsoft.windows.common-controls_6595b64144ccf1df_6.0.19041.1110_none_60b5254171f9507e\COMCTL32.dll
0x00007ffe56ab0000 - 0x00007ffe56adc000 	C:\Windows\System32\GDI32.dll
0x00007ffe56ae0000 - 0x00007ffe56b7e000 	C:\Windows\System32\msvcrt.dll
0x00007ffe55790000 - 0x00007ffe558a5000 	C:\Windows\System32\gdi32full.dll
0x00007ffe55c90000 - 0x00007ffe55d2d000 	C:\Windows\System32\msvcp_win.dll
0x00007ffe565a0000 - 0x00007ffe565d0000 	C:\Windows\System32\IMM32.DLL
0x0000000059440000 - 0x000000005944c000 	E:\Program Files (x86)\360\360Safe\safemon\SafeWrapper.dll
0x00007ffe56200000 - 0x00007ffe562af000 	C:\Windows\System32\ADVAPI32.dll
0x00007ffe57c50000 - 0x00007ffe57cec000 	C:\Windows\System32\sechost.dll
0x00007ffe56760000 - 0x00007ffe56886000 	C:\Windows\System32\RPCRT4.dll
0x00007ffe47f30000 - 0x00007ffe47fd1000 	E:\Program Files (x86)\360\360Safe\safemon\libzdtp64.dll
0x00007ffe57500000 - 0x00007ffe57c44000 	C:\Windows\System32\SHELL32.dll
0x00007ffe56700000 - 0x00007ffe56755000 	C:\Windows\System32\SHLWAPI.dll
0x00007ffe54f80000 - 0x00007ffe54f8a000 	C:\Windows\SYSTEM32\VERSION.dll
0x00007ffe4f090000 - 0x00007ffe4f09c000 	c:\Users\me\.vscode\extensions\redhat.java-1.16.0-win32-x64\jre\17.0.6-win32-x86_64\bin\vcruntime140_1.dll
0x00007ffe28fa0000 - 0x00007ffe29031000 	c:\Users\me\.vscode\extensions\redhat.java-1.16.0-win32-x64\jre\17.0.6-win32-x86_64\bin\msvcp140.dll
0x00007ffe0fa90000 - 0x00007ffe106d7000 	c:\Users\me\.vscode\extensions\redhat.java-1.16.0-win32-x64\jre\17.0.6-win32-x86_64\bin\server\jvm.dll
0x00007ffe4c730000 - 0x00007ffe4c757000 	C:\Windows\SYSTEM32\WINMM.dll
0x00007ffe3e4f0000 - 0x00007ffe3e4f9000 	C:\Windows\SYSTEM32\WSOCK32.dll
0x00007ffe573e0000 - 0x00007ffe5744b000 	C:\Windows\System32\WS2_32.dll
0x00007ffe53260000 - 0x00007ffe53272000 	C:\Windows\SYSTEM32\kernel.appcore.dll
0x00007ffe4f050000 - 0x00007ffe4f05a000 	c:\Users\me\.vscode\extensions\redhat.java-1.16.0-win32-x64\jre\17.0.6-win32-x86_64\bin\jimage.dll
0x00007ffe4c360000 - 0x00007ffe4c544000 	C:\Windows\SYSTEM32\DBGHELP.DLL
0x00007ffe4c300000 - 0x00007ffe4c334000 	C:\Windows\SYSTEM32\dbgcore.DLL
0x00007ffe55c00000 - 0x00007ffe55c82000 	C:\Windows\System32\bcryptPrimitives.dll
0x00007ffe4dc60000 - 0x00007ffe4dc6e000 	c:\Users\me\.vscode\extensions\redhat.java-1.16.0-win32-x64\jre\17.0.6-win32-x86_64\bin\instrument.dll
0x00007ffe3f920000 - 0x00007ffe3f945000 	c:\Users\me\.vscode\extensions\redhat.java-1.16.0-win32-x64\jre\17.0.6-win32-x86_64\bin\java.dll
0x00007ffe41a80000 - 0x00007ffe41a98000 	c:\Users\me\.vscode\extensions\redhat.java-1.16.0-win32-x64\jre\17.0.6-win32-x86_64\bin\zip.dll
0x00007ffe53460000 - 0x00007ffe53bf3000 	C:\Windows\SYSTEM32\windows.storage.dll
0x00007ffe56f30000 - 0x00007ffe57284000 	C:\Windows\System32\combase.dll
0x00007ffe54de0000 - 0x00007ffe54e0e000 	C:\Windows\SYSTEM32\Wldp.dll
0x00007ffe57450000 - 0x00007ffe574fd000 	C:\Windows\System32\SHCORE.dll
0x00007ffe55340000 - 0x00007ffe55365000 	C:\Windows\SYSTEM32\profapi.dll
0x00007ffe2ee00000 - 0x00007ffe2ee19000 	C:\Users\me\.vscode\extensions\redhat.java-1.16.0-win32-x64\jre\17.0.6-win32-x86_64\bin\net.dll
0x00007ffe4dde0000 - 0x00007ffe4deea000 	C:\Windows\SYSTEM32\WINHTTP.dll
0x00007ffe54b40000 - 0x00007ffe54baa000 	C:\Windows\system32\mswsock.dll
0x00007ffe3cdc0000 - 0x00007ffe3cdd5000 	C:\Users\me\.vscode\extensions\redhat.java-1.16.0-win32-x64\jre\17.0.6-win32-x86_64\bin\nio.dll
0x00007ffe3f3a0000 - 0x00007ffe3f3b0000 	c:\Users\me\.vscode\extensions\redhat.java-1.16.0-win32-x64\jre\17.0.6-win32-x86_64\bin\verify.dll
0x00007ffe28c10000 - 0x00007ffe28c4e000 	C:\Users\me\AppData\Roaming\Code\User\globalStorage\redhat.java\1.16.0\config_ss_win\org.eclipse.equinox.launcher\org.eclipse.equinox.launcher.win32.win32.x86_64_1.2.700.v20221108-1024\eclipse_11801.dll
0x00007ffe57290000 - 0x00007ffe573ba000 	C:\Windows\System32\ole32.dll
0x00007ffe54d30000 - 0x00007ffe54d48000 	C:\Windows\SYSTEM32\CRYPTSP.dll
0x00007ffe54380000 - 0x00007ffe543b4000 	C:\Windows\system32\rsaenh.dll
0x00007ffe55d60000 - 0x00007ffe55d87000 	C:\Windows\System32\bcrypt.dll
0x00007ffe55300000 - 0x00007ffe5532e000 	C:\Windows\SYSTEM32\USERENV.dll
0x00007ffe54d50000 - 0x00007ffe54d5c000 	C:\Windows\SYSTEM32\CRYPTBASE.dll
0x00007ffe547c0000 - 0x00007ffe547fb000 	C:\Windows\SYSTEM32\IPHLPAPI.DLL
0x00007ffe565d0000 - 0x00007ffe565d8000 	C:\Windows\System32\NSI.dll
0x00007ffe4eb20000 - 0x00007ffe4eb37000 	C:\Windows\SYSTEM32\dhcpcsvc6.DLL
0x00007ffe4eb00000 - 0x00007ffe4eb1d000 	C:\Windows\SYSTEM32\dhcpcsvc.DLL
0x00007ffe54800000 - 0x00007ffe548ca000 	C:\Windows\SYSTEM32\DNSAPI.dll
0x00007ffe289b0000 - 0x00007ffe289f5000 	C:\Users\me\AppData\Local\Temp\jna-3480\jna3186838931789822752.dll
0x00007ffe56890000 - 0x00007ffe56898000 	C:\Windows\System32\PSAPI.DLL

dbghelp: loaded successfully - version: 4.0.5 - missing functions: none
symbol engine: initialized successfully - sym options: 0x614 - pdb path: .;c:\Users\me\.vscode\extensions\redhat.java-1.16.0-win32-x64\jre\17.0.6-win32-x86_64\bin;C:\Windows\SYSTEM32;C:\Windows\WinSxS\amd64_microsoft.windows.common-controls_6595b64144ccf1df_6.0.19041.1110_none_60b5254171f9507e;E:\Program Files (x86)\360\360Safe\safemon;c:\Users\me\.vscode\extensions\redhat.java-1.16.0-win32-x64\jre\17.0.6-win32-x86_64\bin\server;C:\Users\me\AppData\Roaming\Code\User\globalStorage\redhat.java\1.16.0\config_ss_win\org.eclipse.equinox.launcher\org.eclipse.equinox.launcher.win32.win32.x86_64_1.2.700.v20221108-1024;C:\Users\me\AppData\Local\Temp\jna-3480

VM Arguments:
jvm_args: --add-modules=ALL-SYSTEM --add-opens=java.base/java.util=ALL-UNNAMED --add-opens=java.base/java.lang=ALL-UNNAMED --add-opens=java.base/sun.nio.fs=ALL-UNNAMED -Declipse.application=org.eclipse.jdt.ls.core.id1 -Dosgi.bundles.defaultStartLevel=4 -Declipse.product=org.eclipse.jdt.ls.core.product -Djava.import.generatesMetadataFilesAtProjectRoot=false -Dfile.encoding=utf8 -XX:+UseParallelGC -XX:GCTimeRatio=4 -XX:AdaptiveSizePolicyWeight=90 -Dsun.zip.disableMemoryMapping=true -Xmx1G -Xms100m -Xlog:disable -javaagent:c:\Users\me\.vscode\extensions\redhat.java-1.16.0-win32-x64\lombok\lombok-1.18.24.jar 
java_command: c:\Users\me\.vscode\extensions\redhat.java-1.16.0-win32-x64\server\plugins\org.eclipse.equinox.launcher_1.6.400.v20210924-0641.jar -configuration c:\Users\me\AppData\Roaming\Code\User\globalStorage\redhat.java\1.16.0\config_ss_win -data c:\Users\me\AppData\Roaming\Code\User\workspaceStorage\0ca24feb6683ee46eb2484d2fc0ca70d\redhat.java\ss_ws
java_class_path (initial): c:\Users\me\.vscode\extensions\redhat.java-1.16.0-win32-x64\server\plugins\org.eclipse.equinox.launcher_1.6.400.v20210924-0641.jar
Launcher Type: SUN_STANDARD

[Global flags]
    uintx AdaptiveSizePolicyWeight                 = 90                                        {product} {command line}
     intx CICompilerCount                          = 4                                         {product} {ergonomic}
    uintx GCTimeRatio                              = 4                                         {product} {command line}
   size_t InitialHeapSize                          = 104857600                                 {product} {command line}
   size_t MaxHeapSize                              = 1073741824                                {product} {command line}
   size_t MaxNewSize                               = 357564416                                 {product} {ergonomic}
   size_t MinHeapDeltaBytes                        = 524288                                    {product} {ergonomic}
   size_t MinHeapSize                              = 104857600                                 {product} {command line}
   size_t NewSize                                  = 34603008                                  {product} {ergonomic}
    uintx NonNMethodCodeHeapSize                   = 5839372                                {pd product} {ergonomic}
    uintx NonProfiledCodeHeapSize                  = 122909434                              {pd product} {ergonomic}
   size_t OldSize                                  = 70254592                                  {product} {ergonomic}
    uintx ProfiledCodeHeapSize                     = 122909434                              {pd product} {ergonomic}
    uintx ReservedCodeCacheSize                    = 251658240                              {pd product} {ergonomic}
     bool SegmentedCodeCache                       = true                                      {product} {ergonomic}
   size_t SoftMaxHeapSize                          = 1073741824                             {manageable} {ergonomic}
     bool UseCompressedClassPointers               = true                           {product lp64_product} {ergonomic}
     bool UseCompressedOops                        = true                           {product lp64_product} {ergonomic}
     bool UseLargePagesIndividualAllocation        = false                                  {pd product} {ergonomic}
     bool UseParallelGC                            = true                                      {product} {command line}

Logging:
Log output configuration:
 #0: stdout all=off uptime,level,tags
 #1: stderr all=off uptime,level,tags

Environment Variables:
PATH=E:\Program Files\Microsoft\jdk-11.0.19.7-hotspot\bin;E:\Python\Python311\Scripts\;E:\Python\Python311\;C:\Program Files (x86)\Common Files\Oracle\Java\javapath;C:\Windows\system32;C:\Windows;C:\Windows\System32\Wbem;C:\Windows\System32\WindowsPowerShell\v1.0\;C:\Windows\System32\OpenSSH\;E:\Program Files\Git\cmd;E:\Program Files\nodejs\;C:\Program Files\dotnet\;C:\Program Files (x86)\ZeroTier\One\;E:\Program Files (x86)\Lua\5.1;E:\Program Files (x86)\Lua\5.1\clibs;C:\Program Files (x86)\NVIDIA Corporation\PhysX\Common;C:\Users\me\AppData\Roaming\npm;E:\Ѹ\openlogic-openjdk-8u362-b09-windows-x64\openlogic-openjdk-8u362-b09-windows-64\bin;E:\\̨\011 \path-tool;E:\ܱ\nim-1.6.6_x64\nim-1.6.6\bin;E:\ܱ\nim-1.6.6_x64\nim-1.6.6\nimble;E:\ܱ\nim-1.6.6_x64\nim-1.6.6\dist\mingw64\bin;E:\program files\nim-1.6.6_x64\nim-1.6.6\bin;C:\Users\me\.nimble\bin;E:\program files\nim-1.6.6_x64\nim-1.6.6\dist\mingw64\bin;G:\006 \phpstudy_pro\Extensions\composer1.8.5;C:\Users\me\Downloads\file-5.03-bin\bin;E:\Program Files\Microsoft\jdk-11.0.19.7-hotspot\;G:\\GitHubDesktop\bin
USERNAME=me
OS=Windows_NT
PROCESSOR_IDENTIFIER=Intel64 Family 6 Model 60 Stepping 3, GenuineIntel
TMP=C:\Users\me\AppData\Local\Temp
TEMP=C:\Users\me\AppData\Local\Temp



---------------  S Y S T E M  ---------------

OS:
 Windows 10 , 64 bit Build 19041 (10.0.19041.3155)
OS uptime: 0 days 1:44 hours

CPU: total 8 (initial active 8) (4 cores per cpu, 2 threads per core) family 6 model 60 stepping 3 microcode 0x27, cx8, cmov, fxsr, ht, mmx, sse, sse2, sse3, ssse3, sse4.1, sse4.2, popcnt, lzcnt, tsc, tscinvbit, avx, avx2, aes, erms, clmul, bmi1, bmi2, fma, vzeroupper, clflush

Memory: 4k page, system-wide physical 8150M (1819M free)
TotalPageFile size 8150M (AvailPageFile size 3M)
current process WorkingSet (physical memory assigned to process): 167M, peak: 167M
current process commit charge ("private bytes"): 259M, peak: 263M

vm_info: OpenJDK 64-Bit Server VM (17.0.6+10) for windows-amd64 JRE (17.0.6+10), built on Jan 18 2023 10:08:59 by "temurin" with MS VC++ 16.7 (VS2019)

END.
