#
# There is insufficient memory for the Java Runtime Environment to continue.
# Native memory allocation (malloc) failed to allocate 797056 bytes for Chunk::new
# Possible reasons:
#   The system is out of physical RAM or swap space
#   The process is running with CompressedOops enabled, and the Java Heap may be blocking the growth of the native heap
# Possible solutions:
#   Reduce memory load on the system
#   Increase physical memory or swap space
#   Check if swap backing store is full
#   Decrease Java heap size (-Xmx/-Xms)
#   Decrease number of Java threads
#   Decrease Java thread stack sizes (-Xss)
#   Set larger code cache with -XX:ReservedCodeCacheSize=
#   JVM is running with Unscaled Compressed Oops mode in which the Java heap is
#     placed in the first 4GB address space. The Java Heap base address is the
#     maximum limit for the native heap growth. Please use -XX:HeapBaseMinAddress
#     to set the Java Heap base and to place the Java Heap above 4GB virtual address.
# This output file may be truncated or incomplete.
#
#  Out of Memory Error (arena.cpp:189), pid=3440, tid=16132
#
# JRE version: OpenJDK Runtime Environment Temurin-17.0.6+10 (17.0.6+10) (build 17.0.6+10)
# Java VM: OpenJDK 64-Bit Server VM Temurin-17.0.6+10 (17.0.6+10, mixed mode, tiered, compressed oops, compressed class ptrs, parallel gc, windows-amd64)
# No core dump will be written. Minidumps are not enabled by default on client versions of Windows
#

---------------  S U M M A R Y ------------

Command Line: --add-modules=ALL-SYSTEM --add-opens=java.base/java.util=ALL-UNNAMED --add-opens=java.base/java.lang=ALL-UNNAMED --add-opens=java.base/sun.nio.fs=ALL-UNNAMED -Declipse.application=org.eclipse.jdt.ls.core.id1 -Dosgi.bundles.defaultStartLevel=4 -Declipse.product=org.eclipse.jdt.ls.core.product -Djava.import.generatesMetadataFilesAtProjectRoot=false -Dfile.encoding=utf8 -XX:+UseParallelGC -XX:GCTimeRatio=4 -XX:AdaptiveSizePolicyWeight=90 -Dsun.zip.disableMemoryMapping=true -Xmx1G -Xms100m -Xlog:disable -javaagent:c:\Users\me\.vscode\extensions\redhat.java-1.16.0-win32-x64\lombok\lombok-1.18.24.jar -XX:+HeapDumpOnOutOfMemoryError -XX:HeapDumpPath=c:\Users\me\AppData\Roaming\Code\User\workspaceStorage\0ca24feb6683ee46eb2484d2fc0ca70d\redhat.java c:\Users\me\.vscode\extensions\redhat.java-1.16.0-win32-x64\server\plugins\org.eclipse.equinox.launcher_1.6.400.v20210924-0641.jar -configuration c:\Users\me\AppData\Roaming\Code\User\globalStorage\redhat.java\1.16.0\config_win -data c:\Users\me\AppData\Roaming\Code\User\workspaceStorage\0ca24feb6683ee46eb2484d2fc0ca70d\redhat.java\jdt_ws

Host: Intel(R) Xeon(R) CPU E3-1231 v3 @ 3.40GHz, 8 cores, 7G,  Windows 10 , 64 bit Build 19041 (10.0.19041.3155)
Time: Tue Sep 12 14:02:11 2023  Windows 10 , 64 bit Build 19041 (10.0.19041.3155) elapsed time: 6.728777 seconds (0d 0h 0m 6s)

---------------  T H R E A D  ---------------

Current thread (0x0000029c455b6b40):  JavaThread "C2 CompilerThread1" daemon [_thread_in_native, id=16132, stack(0x000000d5fc800000,0x000000d5fc900000)]


Current CompileTask:
C2:   6728 3635   !   4       org.eclipse.osgi.internal.loader.classpath.ClasspathManager::defineClass (636 bytes)

Stack: [0x000000d5fc800000,0x000000d5fc900000]
Native frames: (J=compiled Java code, j=interpreted, Vv=VM code, C=native code)
V  [jvm.dll+0x67741a]
V  [jvm.dll+0x834434]
V  [jvm.dll+0x835bde]
V  [jvm.dll+0x836243]
V  [jvm.dll+0x2457b5]
V  [jvm.dll+0xabafc]
V  [jvm.dll+0xac0cc]
V  [jvm.dll+0x2ac94f]
V  [jvm.dll+0x57de47]
V  [jvm.dll+0x220812]
V  [jvm.dll+0x21a1e4]
V  [jvm.dll+0x21790b]
V  [jvm.dll+0x1a3d0d]
V  [jvm.dll+0x22742a]
V  [jvm.dll+0x225565]
V  [jvm.dll+0x7ea2cb]
V  [jvm.dll+0x7e483a]
V  [jvm.dll+0x6762c5]
C  [ucrtbase.dll+0x21bb2]
C  [KERNEL32.DLL+0x17614]
C  [ntdll.dll+0x526b1]


---------------  P R O C E S S  ---------------

Threads class SMR info:
_java_thread_list=0x0000029c493dfb40, length=27, elements={
0x0000029c2c56bd80, 0x0000029c40eba3f0, 0x0000029c40ebdb60, 0x0000029c427a4010,
0x0000029c427a4c90, 0x0000029c427a5910, 0x0000029c427a6330, 0x0000029c4277d160,
0x0000029c427ba2f0, 0x0000029c427c5d00, 0x0000029c4287c660, 0x0000029c42acef20,
0x0000029c439d8320, 0x0000029c450ce0e0, 0x0000029c450ce880, 0x0000029c4515e2a0,
0x0000029c44d98280, 0x0000029c452cd250, 0x0000029c43e7a100, 0x0000029c44d81ee0,
0x0000029c455b6b40, 0x0000029c44d81a10, 0x0000029c44d84a30, 0x0000029c44d81070,
0x0000029c48a14c90, 0x0000029c44d823b0, 0x0000029c44d84090
}

Java Threads: ( => current thread )
  0x0000029c2c56bd80 JavaThread "main" [_thread_blocked, id=15112, stack(0x000000d5faa00000,0x000000d5fab00000)]
  0x0000029c40eba3f0 JavaThread "Reference Handler" daemon [_thread_blocked, id=2308, stack(0x000000d5fad00000,0x000000d5fae00000)]
  0x0000029c40ebdb60 JavaThread "Finalizer" daemon [_thread_blocked, id=5212, stack(0x000000d5fae00000,0x000000d5faf00000)]
  0x0000029c427a4010 JavaThread "Signal Dispatcher" daemon [_thread_blocked, id=7740, stack(0x000000d5faf00000,0x000000d5fb000000)]
  0x0000029c427a4c90 JavaThread "Attach Listener" daemon [_thread_blocked, id=11592, stack(0x000000d5fb000000,0x000000d5fb100000)]
  0x0000029c427a5910 JavaThread "Service Thread" daemon [_thread_blocked, id=14176, stack(0x000000d5fb100000,0x000000d5fb200000)]
  0x0000029c427a6330 JavaThread "Monitor Deflation Thread" daemon [_thread_blocked, id=12120, stack(0x000000d5fb200000,0x000000d5fb300000)]
  0x0000029c4277d160 JavaThread "C2 CompilerThread0" daemon [_thread_in_native, id=2444, stack(0x000000d5fb300000,0x000000d5fb400000)]
  0x0000029c427ba2f0 JavaThread "C1 CompilerThread0" daemon [_thread_blocked, id=15548, stack(0x000000d5fb400000,0x000000d5fb500000)]
  0x0000029c427c5d00 JavaThread "Sweeper thread" daemon [_thread_blocked, id=1436, stack(0x000000d5fb500000,0x000000d5fb600000)]
  0x0000029c4287c660 JavaThread "Common-Cleaner" daemon [_thread_blocked, id=2324, stack(0x000000d5fb600000,0x000000d5fb700000)]
  0x0000029c42acef20 JavaThread "Notification Thread" daemon [_thread_blocked, id=5128, stack(0x000000d5fb700000,0x000000d5fb800000)]
  0x0000029c439d8320 JavaThread "Active Thread: Equinox Container: f0b4ac2b-5c7d-48d0-b403-a250bae8b6c0" [_thread_blocked, id=9068, stack(0x000000d5fc000000,0x000000d5fc100000)]
  0x0000029c450ce0e0 JavaThread "Framework Event Dispatcher: Equinox Container: f0b4ac2b-5c7d-48d0-b403-a250bae8b6c0" daemon [_thread_blocked, id=15144, stack(0x000000d5fc100000,0x000000d5fc200000)]
  0x0000029c450ce880 JavaThread "Start Level: Equinox Container: f0b4ac2b-5c7d-48d0-b403-a250bae8b6c0" daemon [_thread_blocked, id=1876, stack(0x000000d5fc200000,0x000000d5fc300000)]
  0x0000029c4515e2a0 JavaThread "SCR Component Actor" daemon [_thread_blocked, id=15416, stack(0x000000d5fc300000,0x000000d5fc400000)]
  0x0000029c44d98280 JavaThread "SCR Component Registry" daemon [_thread_blocked, id=15612, stack(0x000000d5fc500000,0x000000d5fc600000)]
  0x0000029c452cd250 JavaThread "Worker-JM" [_thread_blocked, id=7232, stack(0x000000d5fc600000,0x000000d5fc700000)]
  0x0000029c43e7a100 JavaThread "Worker-0: Updating Maven Dependencies" [_thread_blocked, id=8772, stack(0x000000d5fbf00000,0x000000d5fc000000)]
  0x0000029c44d81ee0 JavaThread "Worker-1: Repository registry initialization" [_thread_in_vm, id=11332, stack(0x000000d5fc700000,0x000000d5fc800000)]
=>0x0000029c455b6b40 JavaThread "C2 CompilerThread1" daemon [_thread_in_native, id=16132, stack(0x000000d5fc800000,0x000000d5fc900000)]
  0x0000029c44d81a10 JavaThread "Java indexing" daemon [_thread_blocked, id=13464, stack(0x000000d5fc900000,0x000000d5fca00000)]
  0x0000029c44d84a30 JavaThread "Worker-2" [_thread_blocked, id=11764, stack(0x000000d5fcb00000,0x000000d5fcc00000)]
  0x0000029c44d81070 JavaThread "JNA Cleaner" daemon [_thread_blocked, id=2776, stack(0x000000d5fcc00000,0x000000d5fcd00000)]
  0x0000029c48a14c90 JavaThread "C2 CompilerThread2" daemon [_thread_in_native, id=13860, stack(0x000000d5fca00000,0x000000d5fcb00000)]
  0x0000029c44d823b0 JavaThread "pool-2-thread-1" [_thread_blocked, id=736, stack(0x000000d5fcf00000,0x000000d5fd000000)]
  0x0000029c44d84090 JavaThread "pool-1-thread-1" [_thread_in_vm, id=14644, stack(0x000000d5fd000000,0x000000d5fd100000)]

Other Threads:
  0x0000029c427514b0 VMThread "VM Thread" [stack: 0x000000d5fac00000,0x000000d5fad00000] [id=12748]
  0x0000029c42a4a650 WatcherThread [stack: 0x000000d5fb800000,0x000000d5fb900000] [id=12568]
  0x0000029c2c57f6f0 GCTaskThread "GC Thread#0" [stack: 0x000000d5fab00000,0x000000d5fac00000] [id=8548]
  0x0000029c44cc0d30 GCTaskThread "GC Thread#1" [stack: 0x000000d5fb900000,0x000000d5fba00000] [id=10676]
  0x0000029c43d32590 GCTaskThread "GC Thread#2" [stack: 0x000000d5fba00000,0x000000d5fbb00000] [id=14460]
  0x0000029c43d32840 GCTaskThread "GC Thread#3" [stack: 0x000000d5fbb00000,0x000000d5fbc00000] [id=6868]
  0x0000029c43d32af0 GCTaskThread "GC Thread#4" [stack: 0x000000d5fbc00000,0x000000d5fbd00000] [id=14964]
  0x0000029c43d7c7b0 GCTaskThread "GC Thread#5" [stack: 0x000000d5fbd00000,0x000000d5fbe00000] [id=14904]
  0x0000029c43d7ca60 GCTaskThread "GC Thread#6" [stack: 0x000000d5fbe00000,0x000000d5fbf00000] [id=14564]
  0x0000029c439d93d0 GCTaskThread "GC Thread#7" [stack: 0x000000d5fc400000,0x000000d5fc500000] [id=6228]

Threads with active compile tasks:
C2 CompilerThread0     6854 3904       4       java.util.LinkedHashMap::get (29 bytes)
C2 CompilerThread1     6854 3635   !   4       org.eclipse.osgi.internal.loader.classpath.ClasspathManager::defineClass (636 bytes)
C2 CompilerThread2     6854 3491   !   4       org.eclipse.osgi.internal.loader.classpath.ClasspathManager::findClassImpl (308 bytes)

VM state: not at safepoint (normal execution)

VM Mutex/Monitor currently owned by a thread:  ([mutex/lock_event])
[0x0000029c2abee640] Metaspace_lock - owner thread: 0x0000029c44d84090

Heap address: 0x00000000c0000000, size: 1024 MB, Compressed Oops mode: 32-bit

CDS archive(s) not mapped
Compressed class space mapped at: 0x0000000100000000-0x0000000140000000, reserved size: 1073741824
Narrow klass base: 0x0000000000000000, Narrow klass shift: 3, Narrow klass range: 0x140000000

GC Precious Log:
 CPUs: 8 total, 8 available
 Memory: 8150M
 Large Page Support: Disabled
 NUMA Support: Disabled
 Compressed Oops: Enabled (32-bit)
 Alignments: Space 512K, Generation 512K, Heap 2M
 Heap Min Capacity: 100M
 Heap Initial Capacity: 100M
 Heap Max Capacity: 1G
 Pre-touch: Disabled
 Parallel Workers: 8

Heap:
 PSYoungGen      total 23552K, used 13607K [0x00000000eab00000, 0x00000000ec500000, 0x0000000100000000)
  eden space 22016K, 55% used [0x00000000eab00000,0x00000000eb6f6308,0x00000000ec080000)
  from space 1536K, 88% used [0x00000000ec200000,0x00000000ec353bc0,0x00000000ec380000)
  to   space 1536K, 0% used [0x00000000ec380000,0x00000000ec380000,0x00000000ec500000)
 ParOldGen       total 68608K, used 12870K [0x00000000c0000000, 0x00000000c4300000, 0x00000000eab00000)
  object space 68608K, 18% used [0x00000000c0000000,0x00000000c0c919d0,0x00000000c4300000)
 Metaspace       used 42957K, committed 43648K, reserved 1089536K
  class space    used 4607K, committed 4864K, reserved 1048576K

Card table byte_map: [0x0000029c3e750000,0x0000029c3e960000] _byte_map_base: 0x0000029c3e150000

Marking Bits: (ParMarkBitMap*) 0x00007ffe10613e70
 Begin Bits: [0x0000029c3eac0000, 0x0000029c3fac0000)
 End Bits:   [0x0000029c3fac0000, 0x0000029c40ac0000)

Polling page: 0x0000029c2c610000

Metaspace:

Usage:
  Non-class:     37.45 MB used.
      Class:      4.50 MB used.
       Both:     41.95 MB used.

Virtual space:
  Non-class space:       40.00 MB reserved,      37.88 MB ( 95%) committed,  5 nodes.
      Class space:        1.00 GB reserved,       4.75 MB ( <1%) committed,  1 nodes.
             Both:        1.04 GB reserved,      42.62 MB (  4%) committed. 

Chunk freelists:
   Non-Class:  1.80 MB
       Class:  3.26 MB
        Both:  5.06 MB

MaxMetaspaceSize: unlimited
CompressedClassSpaceSize: 1.00 GB
Initial GC threshold: 21.00 MB
Current GC threshold: 58.38 MB
CDS: off
MetaspaceReclaimPolicy: balanced
 - commit_granule_bytes: 65536.
 - commit_granule_words: 8192.
 - virtual_space_node_default_size: 1048576.
 - enlarge_chunks_in_place: 1.
 - new_chunks_are_fully_committed: 0.
 - uncommit_free_chunks: 1.
 - use_allocation_guard: 0.
 - handle_deallocations: 1.


Internal statistics:

num_allocs_failed_limit: 6.
num_arena_births: 344.
num_arena_deaths: 14.
num_vsnodes_births: 6.
num_vsnodes_deaths: 0.
num_space_committed: 682.
num_space_uncommitted: 0.
num_chunks_returned_to_freelist: 26.
num_chunks_taken_from_freelist: 1864.
num_chunk_merges: 12.
num_chunk_splits: 1184.
num_chunks_enlarged: 712.
num_purges: 2.
num_inconsistent_stats: 0.

CodeHeap 'non-profiled nmethods': size=120000Kb used=1940Kb max_used=1940Kb free=118060Kb
 bounds [0x0000029c37040000, 0x0000029c372b0000, 0x0000029c3e570000]
CodeHeap 'profiled nmethods': size=120000Kb used=7930Kb max_used=7930Kb free=112070Kb
 bounds [0x0000029c2f570000, 0x0000029c2fd30000, 0x0000029c36aa0000]
CodeHeap 'non-nmethods': size=5760Kb used=1267Kb max_used=1332Kb free=4492Kb
 bounds [0x0000029c36aa0000, 0x0000029c36d10000, 0x0000029c37040000]
 total_blobs=4507 nmethods=3916 adapters=504
 compilation: enabled
              stopped_count=0, restarted_count=0
 full_count=0

Compilation events (20 events):
Event: 6.706 Thread 0x0000029c427ba2f0 3741       3       com.google.gson.internal.$Gson$Types::getRawType (179 bytes)
Event: 6.707 Thread 0x0000029c427ba2f0 nmethod 3741 0x0000029c2fcc4b90 code [0x0000029c2fcc4f60, 0x0000029c2fcc6a98]
Event: 6.707 Thread 0x0000029c427ba2f0 3742       3       com.google.gson.reflect.TypeToken::<init> (41 bytes)
Event: 6.708 Thread 0x0000029c427ba2f0 nmethod 3742 0x0000029c2fcc7110 code [0x0000029c2fcc7300, 0x0000029c2fcc7838]
Event: 6.708 Thread 0x0000029c427ba2f0 3746       3       java.lang.reflect.Field::isSynthetic (8 bytes)
Event: 6.708 Thread 0x0000029c427ba2f0 nmethod 3746 0x0000029c2fcc7a10 code [0x0000029c2fcc7ba0, 0x0000029c2fcc7d78]
Event: 6.708 Thread 0x0000029c427ba2f0 3747       3       com.google.gson.internal.$Gson$Types::canonicalize (139 bytes)
Event: 6.709 Thread 0x0000029c427ba2f0 nmethod 3747 0x0000029c2fcc7e10 code [0x0000029c2fcc8120, 0x0000029c2fcc9498]
Event: 6.709 Thread 0x0000029c427ba2f0 3745       3       java.lang.reflect.Field::setAccessible (21 bytes)
Event: 6.709 Thread 0x0000029c427ba2f0 nmethod 3745 0x0000029c2fcc9890 code [0x0000029c2fcc9aa0, 0x0000029c2fcca0c8]
Event: 6.711 Thread 0x0000029c427ba2f0 3748       3       com.google.gson.internal.Excluder::excludeClassChecks (61 bytes)
Event: 6.712 Thread 0x0000029c427ba2f0 nmethod 3748 0x0000029c2fcca310 code [0x0000029c2fcca660, 0x0000029c2fccba78]
Event: 6.713 Thread 0x0000029c4277d160 3749       4       jdk.internal.reflect.ClassFileAssembler::emitConstantPoolUTF8 (50 bytes)
Event: 6.715 Thread 0x0000029c427ba2f0 3750       3       com.google.gson.internal.Excluder::excludeField (226 bytes)
Event: 6.719 Thread 0x0000029c427ba2f0 nmethod 3750 0x0000029c2fccc010 code [0x0000029c2fccc580, 0x0000029c2fccf0e8]
Event: 6.719 Thread 0x0000029c427ba2f0 3753       3       java.util.regex.Pattern$Slice::match (79 bytes)
Event: 6.720 Thread 0x0000029c427ba2f0 nmethod 3753 0x0000029c2fccfc90 code [0x0000029c2fccfe60, 0x0000029c2fcd02f8]
Event: 6.720 Thread 0x0000029c427ba2f0 3751       3       com.google.gson.stream.JsonReader::nextNonWhitespace (354 bytes)
Event: 6.723 Thread 0x0000029c427ba2f0 nmethod 3751 0x0000029c2fcd0490 code [0x0000029c2fcd0940, 0x0000029c2fcd27d8]
Event: 6.724 Thread 0x0000029c427ba2f0 3752       3       com.google.gson.stream.JsonReader::doPeek (744 bytes)

GC Heap History (20 events):
Event: 3.601 GC heap before
{Heap before GC invocations=4 (full 0):
 PSYoungGen      total 29696K, used 10202K [0x00000000eab00000, 0x00000000ecc00000, 0x0000000100000000)
  eden space 25600K, 23% used [0x00000000eab00000,0x00000000eb0fd000,0x00000000ec400000)
  from space 4096K, 99% used [0x00000000ec400000,0x00000000ec7f99d0,0x00000000ec800000)
  to   space 4096K, 0% used [0x00000000ec800000,0x00000000ec800000,0x00000000ecc00000)
 ParOldGen       total 68608K, used 3713K [0x00000000c0000000, 0x00000000c4300000, 0x00000000eab00000)
  object space 68608K, 5% used [0x00000000c0000000,0x00000000c03a06b0,0x00000000c4300000)
 Metaspace       used 20995K, committed 21504K, reserved 1073152K
  class space    used 2122K, committed 2368K, reserved 1048576K
}
Event: 3.604 GC heap after
{Heap after GC invocations=4 (full 0):
 PSYoungGen      total 29696K, used 4093K [0x00000000eab00000, 0x00000000ecc00000, 0x0000000100000000)
  eden space 25600K, 0% used [0x00000000eab00000,0x00000000eab00000,0x00000000ec400000)
  from space 4096K, 99% used [0x00000000ec800000,0x00000000ecbff558,0x00000000ecc00000)
  to   space 4096K, 0% used [0x00000000ec400000,0x00000000ec400000,0x00000000ec800000)
 ParOldGen       total 68608K, used 3937K [0x00000000c0000000, 0x00000000c4300000, 0x00000000eab00000)
  object space 68608K, 5% used [0x00000000c0000000,0x00000000c03d86b0,0x00000000c4300000)
 Metaspace       used 20995K, committed 21504K, reserved 1073152K
  class space    used 2122K, committed 2368K, reserved 1048576K
}
Event: 3.604 GC heap before
{Heap before GC invocations=5 (full 1):
 PSYoungGen      total 29696K, used 4093K [0x00000000eab00000, 0x00000000ecc00000, 0x0000000100000000)
  eden space 25600K, 0% used [0x00000000eab00000,0x00000000eab00000,0x00000000ec400000)
  from space 4096K, 99% used [0x00000000ec800000,0x00000000ecbff558,0x00000000ecc00000)
  to   space 4096K, 0% used [0x00000000ec400000,0x00000000ec400000,0x00000000ec800000)
 ParOldGen       total 68608K, used 3937K [0x00000000c0000000, 0x00000000c4300000, 0x00000000eab00000)
  object space 68608K, 5% used [0x00000000c0000000,0x00000000c03d86b0,0x00000000c4300000)
 Metaspace       used 20995K, committed 21504K, reserved 1073152K
  class space    used 2122K, committed 2368K, reserved 1048576K
}
Event: 3.634 GC heap after
{Heap after GC invocations=5 (full 1):
 PSYoungGen      total 29696K, used 0K [0x00000000eab00000, 0x00000000ecc00000, 0x0000000100000000)
  eden space 25600K, 0% used [0x00000000eab00000,0x00000000eab00000,0x00000000ec400000)
  from space 4096K, 0% used [0x00000000ec800000,0x00000000ec800000,0x00000000ecc00000)
  to   space 4096K, 0% used [0x00000000ec400000,0x00000000ec400000,0x00000000ec800000)
 ParOldGen       total 68608K, used 7820K [0x00000000c0000000, 0x00000000c4300000, 0x00000000eab00000)
  object space 68608K, 11% used [0x00000000c0000000,0x00000000c07a3360,0x00000000c4300000)
 Metaspace       used 20982K, committed 21504K, reserved 1073152K
  class space    used 2118K, committed 2368K, reserved 1048576K
}
Event: 4.150 GC heap before
{Heap before GC invocations=6 (full 1):
 PSYoungGen      total 29696K, used 25600K [0x00000000eab00000, 0x00000000ecc00000, 0x0000000100000000)
  eden space 25600K, 100% used [0x00000000eab00000,0x00000000ec400000,0x00000000ec400000)
  from space 4096K, 0% used [0x00000000ec800000,0x00000000ec800000,0x00000000ecc00000)
  to   space 4096K, 0% used [0x00000000ec400000,0x00000000ec400000,0x00000000ec800000)
 ParOldGen       total 68608K, used 7820K [0x00000000c0000000, 0x00000000c4300000, 0x00000000eab00000)
  object space 68608K, 11% used [0x00000000c0000000,0x00000000c07a3360,0x00000000c4300000)
 Metaspace       used 24561K, committed 25152K, reserved 1073152K
  class space    used 2531K, committed 2816K, reserved 1048576K
}
Event: 4.152 GC heap after
{Heap after GC invocations=6 (full 1):
 PSYoungGen      total 27136K, used 2009K [0x00000000eab00000, 0x00000000ec980000, 0x0000000100000000)
  eden space 25088K, 0% used [0x00000000eab00000,0x00000000eab00000,0x00000000ec380000)
  from space 2048K, 98% used [0x00000000ec400000,0x00000000ec5f6498,0x00000000ec600000)
  to   space 3072K, 0% used [0x00000000ec680000,0x00000000ec680000,0x00000000ec980000)
 ParOldGen       total 68608K, used 7828K [0x00000000c0000000, 0x00000000c4300000, 0x00000000eab00000)
  object space 68608K, 11% used [0x00000000c0000000,0x00000000c07a5360,0x00000000c4300000)
 Metaspace       used 24561K, committed 25152K, reserved 1073152K
  class space    used 2531K, committed 2816K, reserved 1048576K
}
Event: 4.461 GC heap before
{Heap before GC invocations=7 (full 1):
 PSYoungGen      total 27136K, used 27097K [0x00000000eab00000, 0x00000000ec980000, 0x0000000100000000)
  eden space 25088K, 100% used [0x00000000eab00000,0x00000000ec380000,0x00000000ec380000)
  from space 2048K, 98% used [0x00000000ec400000,0x00000000ec5f6498,0x00000000ec600000)
  to   space 3072K, 0% used [0x00000000ec680000,0x00000000ec680000,0x00000000ec980000)
 ParOldGen       total 68608K, used 7828K [0x00000000c0000000, 0x00000000c4300000, 0x00000000eab00000)
  object space 68608K, 11% used [0x00000000c0000000,0x00000000c07a5360,0x00000000c4300000)
 Metaspace       used 27810K, committed 28352K, reserved 1081344K
  class space    used 2771K, committed 3008K, reserved 1048576K
}
Event: 4.463 GC heap after
{Heap after GC invocations=7 (full 1):
 PSYoungGen      total 27136K, used 3043K [0x00000000eab00000, 0x00000000ecb00000, 0x0000000100000000)
  eden space 24064K, 0% used [0x00000000eab00000,0x00000000eab00000,0x00000000ec280000)
  from space 3072K, 99% used [0x00000000ec680000,0x00000000ec978da0,0x00000000ec980000)
  to   space 4096K, 0% used [0x00000000ec280000,0x00000000ec280000,0x00000000ec680000)
 ParOldGen       total 68608K, used 8204K [0x00000000c0000000, 0x00000000c4300000, 0x00000000eab00000)
  object space 68608K, 11% used [0x00000000c0000000,0x00000000c0803380,0x00000000c4300000)
 Metaspace       used 27810K, committed 28352K, reserved 1081344K
  class space    used 2771K, committed 3008K, reserved 1048576K
}
Event: 4.930 GC heap before
{Heap before GC invocations=8 (full 1):
 PSYoungGen      total 27136K, used 27107K [0x00000000eab00000, 0x00000000ecb00000, 0x0000000100000000)
  eden space 24064K, 100% used [0x00000000eab00000,0x00000000ec280000,0x00000000ec280000)
  from space 3072K, 99% used [0x00000000ec680000,0x00000000ec978da0,0x00000000ec980000)
  to   space 4096K, 0% used [0x00000000ec280000,0x00000000ec280000,0x00000000ec680000)
 ParOldGen       total 68608K, used 8204K [0x00000000c0000000, 0x00000000c4300000, 0x00000000eab00000)
  object space 68608K, 11% used [0x00000000c0000000,0x00000000c0803380,0x00000000c4300000)
 Metaspace       used 30740K, committed 31296K, reserved 1081344K
  class space    used 3029K, committed 3264K, reserved 1048576K
}
Event: 4.932 GC heap after
{Heap after GC invocations=8 (full 1):
 PSYoungGen      total 26624K, used 3021K [0x00000000eab00000, 0x00000000ec900000, 0x0000000100000000)
  eden space 23552K, 0% used [0x00000000eab00000,0x00000000eab00000,0x00000000ec200000)
  from space 3072K, 98% used [0x00000000ec280000,0x00000000ec5737c8,0x00000000ec580000)
  to   space 3584K, 0% used [0x00000000ec580000,0x00000000ec580000,0x00000000ec900000)
 ParOldGen       total 68608K, used 8212K [0x00000000c0000000, 0x00000000c4300000, 0x00000000eab00000)
  object space 68608K, 11% used [0x00000000c0000000,0x00000000c0805380,0x00000000c4300000)
 Metaspace       used 30740K, committed 31296K, reserved 1081344K
  class space    used 3029K, committed 3264K, reserved 1048576K
}
Event: 5.380 GC heap before
{Heap before GC invocations=9 (full 1):
 PSYoungGen      total 26624K, used 26573K [0x00000000eab00000, 0x00000000ec900000, 0x0000000100000000)
  eden space 23552K, 100% used [0x00000000eab00000,0x00000000ec200000,0x00000000ec200000)
  from space 3072K, 98% used [0x00000000ec280000,0x00000000ec5737c8,0x00000000ec580000)
  to   space 3584K, 0% used [0x00000000ec580000,0x00000000ec580000,0x00000000ec900000)
 ParOldGen       total 68608K, used 8212K [0x00000000c0000000, 0x00000000c4300000, 0x00000000eab00000)
  object space 68608K, 11% used [0x00000000c0000000,0x00000000c0805380,0x00000000c4300000)
 Metaspace       used 34403K, committed 35008K, reserved 1081344K
  class space    used 3494K, committed 3776K, reserved 1048576K
}
Event: 5.383 GC heap after
{Heap after GC invocations=9 (full 1):
 PSYoungGen      total 26624K, used 3568K [0x00000000eab00000, 0x00000000ec980000, 0x0000000100000000)
  eden space 23040K, 0% used [0x00000000eab00000,0x00000000eab00000,0x00000000ec180000)
  from space 3584K, 99% used [0x00000000ec580000,0x00000000ec8fc2f8,0x00000000ec900000)
  to   space 4096K, 0% used [0x00000000ec180000,0x00000000ec180000,0x00000000ec580000)
 ParOldGen       total 68608K, used 8348K [0x00000000c0000000, 0x00000000c4300000, 0x00000000eab00000)
  object space 68608K, 12% used [0x00000000c0000000,0x00000000c0827380,0x00000000c4300000)
 Metaspace       used 34403K, committed 35008K, reserved 1081344K
  class space    used 3494K, committed 3776K, reserved 1048576K
}
Event: 5.586 GC heap before
{Heap before GC invocations=10 (full 1):
 PSYoungGen      total 26624K, used 16512K [0x00000000eab00000, 0x00000000ec980000, 0x0000000100000000)
  eden space 23040K, 56% used [0x00000000eab00000,0x00000000eb7a3fc8,0x00000000ec180000)
  from space 3584K, 99% used [0x00000000ec580000,0x00000000ec8fc2f8,0x00000000ec900000)
  to   space 4096K, 0% used [0x00000000ec180000,0x00000000ec180000,0x00000000ec580000)
 ParOldGen       total 68608K, used 8348K [0x00000000c0000000, 0x00000000c4300000, 0x00000000eab00000)
  object space 68608K, 12% used [0x00000000c0000000,0x00000000c0827380,0x00000000c4300000)
 Metaspace       used 35243K, committed 35840K, reserved 1081344K
  class space    used 3610K, committed 3904K, reserved 1048576K
}
Event: 5.590 GC heap after
{Heap after GC invocations=10 (full 1):
 PSYoungGen      total 25600K, used 2139K [0x00000000eab00000, 0x00000000ec780000, 0x0000000100000000)
  eden space 23040K, 0% used [0x00000000eab00000,0x00000000eab00000,0x00000000ec180000)
  from space 2560K, 83% used [0x00000000ec180000,0x00000000ec396f88,0x00000000ec400000)
  to   space 3072K, 0% used [0x00000000ec480000,0x00000000ec480000,0x00000000ec780000)
 ParOldGen       total 68608K, used 10236K [0x00000000c0000000, 0x00000000c4300000, 0x00000000eab00000)
  object space 68608K, 14% used [0x00000000c0000000,0x00000000c09ff2a0,0x00000000c4300000)
 Metaspace       used 35243K, committed 35840K, reserved 1081344K
  class space    used 3610K, committed 3904K, reserved 1048576K
}
Event: 5.590 GC heap before
{Heap before GC invocations=11 (full 2):
 PSYoungGen      total 25600K, used 2139K [0x00000000eab00000, 0x00000000ec780000, 0x0000000100000000)
  eden space 23040K, 0% used [0x00000000eab00000,0x00000000eab00000,0x00000000ec180000)
  from space 2560K, 83% used [0x00000000ec180000,0x00000000ec396f88,0x00000000ec400000)
  to   space 3072K, 0% used [0x00000000ec480000,0x00000000ec480000,0x00000000ec780000)
 ParOldGen       total 68608K, used 10236K [0x00000000c0000000, 0x00000000c4300000, 0x00000000eab00000)
  object space 68608K, 14% used [0x00000000c0000000,0x00000000c09ff2a0,0x00000000c4300000)
 Metaspace       used 35243K, committed 35840K, reserved 1081344K
  class space    used 3610K, committed 3904K, reserved 1048576K
}
Event: 5.614 GC heap after
{Heap after GC invocations=11 (full 2):
 PSYoungGen      total 25600K, used 0K [0x00000000eab00000, 0x00000000ec780000, 0x0000000100000000)
  eden space 23040K, 0% used [0x00000000eab00000,0x00000000eab00000,0x00000000ec180000)
  from space 2560K, 0% used [0x00000000ec180000,0x00000000ec180000,0x00000000ec400000)
  to   space 3072K, 0% used [0x00000000ec480000,0x00000000ec480000,0x00000000ec780000)
 ParOldGen       total 68608K, used 11786K [0x00000000c0000000, 0x00000000c4300000, 0x00000000eab00000)
  object space 68608K, 17% used [0x00000000c0000000,0x00000000c0b82be0,0x00000000c4300000)
 Metaspace       used 35243K, committed 35840K, reserved 1081344K
  class space    used 3610K, committed 3904K, reserved 1048576K
}
Event: 6.065 GC heap before
{Heap before GC invocations=12 (full 2):
 PSYoungGen      total 25600K, used 23040K [0x00000000eab00000, 0x00000000ec780000, 0x0000000100000000)
  eden space 23040K, 100% used [0x00000000eab00000,0x00000000ec180000,0x00000000ec180000)
  from space 2560K, 0% used [0x00000000ec180000,0x00000000ec180000,0x00000000ec400000)
  to   space 3072K, 0% used [0x00000000ec480000,0x00000000ec480000,0x00000000ec780000)
 ParOldGen       total 68608K, used 11786K [0x00000000c0000000, 0x00000000c4300000, 0x00000000eab00000)
  object space 68608K, 17% used [0x00000000c0000000,0x00000000c0b82be0,0x00000000c4300000)
 Metaspace       used 38405K, committed 39104K, reserved 1089536K
  class space    used 3996K, committed 4288K, reserved 1048576K
}
Event: 6.067 GC heap after
{Heap after GC invocations=12 (full 2):
 PSYoungGen      total 24064K, used 1170K [0x00000000eab00000, 0x00000000ec600000, 0x0000000100000000)
  eden space 22528K, 0% used [0x00000000eab00000,0x00000000eab00000,0x00000000ec100000)
  from space 1536K, 76% used [0x00000000ec480000,0x00000000ec5a49e8,0x00000000ec600000)
  to   space 2048K, 0% used [0x00000000ec200000,0x00000000ec200000,0x00000000ec400000)
 ParOldGen       total 68608K, used 11794K [0x00000000c0000000, 0x00000000c4300000, 0x00000000eab00000)
  object space 68608K, 17% used [0x00000000c0000000,0x00000000c0b84be0,0x00000000c4300000)
 Metaspace       used 38405K, committed 39104K, reserved 1089536K
  class space    used 3996K, committed 4288K, reserved 1048576K
}
Event: 6.590 GC heap before
{Heap before GC invocations=13 (full 2):
 PSYoungGen      total 24064K, used 23698K [0x00000000eab00000, 0x00000000ec600000, 0x0000000100000000)
  eden space 22528K, 100% used [0x00000000eab00000,0x00000000ec100000,0x00000000ec100000)
  from space 1536K, 76% used [0x00000000ec480000,0x00000000ec5a49e8,0x00000000ec600000)
  to   space 2048K, 0% used [0x00000000ec200000,0x00000000ec200000,0x00000000ec400000)
 ParOldGen       total 68608K, used 11794K [0x00000000c0000000, 0x00000000c4300000, 0x00000000eab00000)
  object space 68608K, 17% used [0x00000000c0000000,0x00000000c0b84be0,0x00000000c4300000)
 Metaspace       used 41242K, committed 42048K, reserved 1089536K
  class space    used 4414K, committed 4736K, reserved 1048576K
}
Event: 6.593 GC heap after
{Heap after GC invocations=13 (full 2):
 PSYoungGen      total 23552K, used 1358K [0x00000000eab00000, 0x00000000ec500000, 0x0000000100000000)
  eden space 22016K, 0% used [0x00000000eab00000,0x00000000eab00000,0x00000000ec080000)
  from space 1536K, 88% used [0x00000000ec200000,0x00000000ec353bc0,0x00000000ec380000)
  to   space 1536K, 0% used [0x00000000ec380000,0x00000000ec380000,0x00000000ec500000)
 ParOldGen       total 68608K, used 12870K [0x00000000c0000000, 0x00000000c4300000, 0x00000000eab00000)
  object space 68608K, 18% used [0x00000000c0000000,0x00000000c0c919d0,0x00000000c4300000)
 Metaspace       used 41242K, committed 42048K, reserved 1089536K
  class space    used 4414K, committed 4736K, reserved 1048576K
}

Dll operation events (10 events):
Event: 0.023 Loaded shared library c:\Users\me\.vscode\extensions\redhat.java-1.16.0-win32-x64\jre\17.0.6-win32-x86_64\bin\java.dll
Event: 0.240 Loaded shared library c:\Users\me\.vscode\extensions\redhat.java-1.16.0-win32-x64\jre\17.0.6-win32-x86_64\bin\zip.dll
Event: 0.257 Loaded shared library C:\Users\me\.vscode\extensions\redhat.java-1.16.0-win32-x64\jre\17.0.6-win32-x86_64\bin\instrument.dll
Event: 0.279 Loaded shared library C:\Users\me\.vscode\extensions\redhat.java-1.16.0-win32-x64\jre\17.0.6-win32-x86_64\bin\net.dll
Event: 0.284 Loaded shared library C:\Users\me\.vscode\extensions\redhat.java-1.16.0-win32-x64\jre\17.0.6-win32-x86_64\bin\nio.dll
Event: 0.294 Loaded shared library C:\Users\me\.vscode\extensions\redhat.java-1.16.0-win32-x64\jre\17.0.6-win32-x86_64\bin\zip.dll
Event: 0.321 Loaded shared library C:\Users\me\.vscode\extensions\redhat.java-1.16.0-win32-x64\jre\17.0.6-win32-x86_64\bin\jimage.dll
Event: 0.435 Loaded shared library c:\Users\me\.vscode\extensions\redhat.java-1.16.0-win32-x64\jre\17.0.6-win32-x86_64\bin\verify.dll
Event: 2.330 Loaded shared library C:\Users\me\AppData\Roaming\Code\User\globalStorage\redhat.java\1.16.0\config_win\org.eclipse.equinox.launcher\org.eclipse.equinox.launcher.win32.win32.x86_64_1.2.700.v20221108-1024\eclipse_11801.dll
Event: 5.118 Loaded shared library C:\Users\me\AppData\Local\Temp\jna-3480\jna11003575342045213071.dll

Deoptimization events (20 events):
Event: 6.180 Thread 0x0000029c2c56bd80 Uncommon trap: trap_request=0xffffff45 fr.pc=0x0000029c3717cdb0 relative=0x0000000000000450
Event: 6.180 Thread 0x0000029c2c56bd80 Uncommon trap: reason=unstable_if action=reinterpret pc=0x0000029c3717cdb0 method=org.eclipse.osgi.storage.bundlefile.ZipBundleFile.findEntry(Ljava/lang/String;)Lorg/eclipse/osgi/storage/bundlefile/BundleEntry; @ 29 c2
Event: 6.180 Thread 0x0000029c2c56bd80 DEOPT PACKING pc=0x0000029c3717cdb0 sp=0x000000d5faafa210
Event: 6.180 Thread 0x0000029c2c56bd80 DEOPT UNPACKING pc=0x0000029c36af66a3 sp=0x000000d5faafa1e0 mode 2
Event: 6.181 Thread 0x0000029c2c56bd80 Uncommon trap: trap_request=0xffffff45 fr.pc=0x0000029c3717afc0 relative=0x0000000000000a40
Event: 6.181 Thread 0x0000029c2c56bd80 Uncommon trap: reason=unstable_if action=reinterpret pc=0x0000029c3717afc0 method=java.util.zip.ZipCoder$UTF8ZipCoder.hasTrailingSlash([BI)Z @ 11 c2
Event: 6.182 Thread 0x0000029c2c56bd80 DEOPT PACKING pc=0x0000029c3717afc0 sp=0x000000d5faafa0e0
Event: 6.182 Thread 0x0000029c2c56bd80 DEOPT UNPACKING pc=0x0000029c36af66a3 sp=0x000000d5faaf9fa0 mode 2
Event: 6.182 Thread 0x0000029c2c56bd80 Uncommon trap: trap_request=0xffffff45 fr.pc=0x0000029c3717be14 relative=0x00000000000000d4
Event: 6.182 Thread 0x0000029c2c56bd80 Uncommon trap: reason=unstable_if action=reinterpret pc=0x0000029c3717be14 method=org.eclipse.osgi.storage.bundlefile.ZipBundleFile.getZipEntry(Ljava/lang/String;)Ljava/util/zip/ZipEntry; @ 42 c2
Event: 6.182 Thread 0x0000029c2c56bd80 DEOPT PACKING pc=0x0000029c3717be14 sp=0x000000d5faafa190
Event: 6.182 Thread 0x0000029c2c56bd80 DEOPT UNPACKING pc=0x0000029c36af66a3 sp=0x000000d5faafa160 mode 2
Event: 6.193 Thread 0x0000029c43e7a100 DEOPT PACKING pc=0x0000029c371beec8 sp=0x000000d5fbffd0d0
Event: 6.193 Thread 0x0000029c43e7a100 DEOPT UNPACKING pc=0x0000029c36af6e43 sp=0x000000d5fbffc658 mode 0
Event: 6.194 Thread 0x0000029c2c56bd80 DEOPT PACKING pc=0x0000029c371beec8 sp=0x000000d5faafc6c0
Event: 6.194 Thread 0x0000029c2c56bd80 DEOPT UNPACKING pc=0x0000029c36af6e43 sp=0x000000d5faafbc48 mode 0
Event: 6.529 Thread 0x0000029c2c56bd80 Uncommon trap: trap_request=0xffffff45 fr.pc=0x0000029c371f30b8 relative=0x0000000000005358
Event: 6.529 Thread 0x0000029c2c56bd80 Uncommon trap: reason=unstable_if action=reinterpret pc=0x0000029c371f30b8 method=jdk.internal.org.objectweb.asm.Frame.execute(IILjdk/internal/org/objectweb/asm/Symbol;Ljdk/internal/org/objectweb/asm/SymbolTable;)V @ 1 c2
Event: 6.530 Thread 0x0000029c2c56bd80 DEOPT PACKING pc=0x0000029c371f30b8 sp=0x000000d5faafd720
Event: 6.530 Thread 0x0000029c2c56bd80 DEOPT UNPACKING pc=0x0000029c36af66a3 sp=0x000000d5faafd6c8 mode 2

Classes unloaded (7 events):
Event: 3.608 Thread 0x0000029c427514b0 Unloading class 0x0000000100216800 'java/lang/invoke/LambdaForm$MH+0x0000000100216800'
Event: 3.608 Thread 0x0000029c427514b0 Unloading class 0x0000000100216400 'java/lang/invoke/LambdaForm$MH+0x0000000100216400'
Event: 3.608 Thread 0x0000029c427514b0 Unloading class 0x0000000100216000 'java/lang/invoke/LambdaForm$MH+0x0000000100216000'
Event: 3.608 Thread 0x0000029c427514b0 Unloading class 0x0000000100215800 'java/lang/invoke/LambdaForm$MH+0x0000000100215800'
Event: 3.608 Thread 0x0000029c427514b0 Unloading class 0x0000000100215400 'java/lang/invoke/LambdaForm$BMH+0x0000000100215400'
Event: 3.608 Thread 0x0000029c427514b0 Unloading class 0x0000000100215000 'java/lang/invoke/LambdaForm$DMH+0x0000000100215000'
Event: 3.608 Thread 0x0000029c427514b0 Unloading class 0x0000000100212000 'java/lang/invoke/LambdaForm$DMH+0x0000000100212000'

Classes redefined (0 events):
No events

Internal exceptions (20 events):
Event: 4.692 Thread 0x0000029c450ce880 Exception <a 'java/lang/ClassNotFoundException'{0x00000000ebc3b160}: com/sun/org/apache/xerces/internal/impl/msg/spi/XMLSerializerMessagesProvider> (0x00000000ebc3b160) 
thrown [s\src\hotspot\share\classfile\systemDictionary.cpp, line 256]
Event: 4.693 Thread 0x0000029c450ce880 Exception <a 'java/lang/ClassNotFoundException'{0x00000000ebc55b40}: com/sun/org/apache/xerces/internal/impl/msg/spi/XMLMessagesProvider> (0x00000000ebc55b40) 
thrown [s\src\hotspot\share\classfile\systemDictionary.cpp, line 256]
Event: 4.721 Thread 0x0000029c450ce880 Exception <a 'java/lang/NoSuchMethodError'{0x00000000ebd72530}: 'void java.lang.invoke.DirectMethodHandle$Holder.invokeVirtual(java.lang.Object, java.lang.Object)'> (0x00000000ebd72530) 
thrown [s\src\hotspot\share\interpreter\linkResolver.cpp, line 759]
Event: 4.768 Thread 0x0000029c450ce880 Exception <a 'java/lang/NoSuchMethodError'{0x00000000ebf8dd08}: 'java.lang.Object java.lang.invoke.DirectMethodHandle$Holder.invokeStaticInit(java.lang.Object, int, int, int, int)'> (0x00000000ebf8dd08) 
thrown [s\src\hotspot\share\interpreter\linkResolver.cpp, line 759]
Event: 4.881 Thread 0x0000029c450ce880 Exception <a 'java/lang/NoSuchMethodError'{0x00000000ec01e8d8}: 'java.lang.Object java.lang.invoke.DirectMethodHandle$Holder.invokeStaticInit(java.lang.Object, java.lang.Object, int, int, int, int)'> (0x00000000ec01e8d8) 
thrown [s\src\hotspot\share\interpreter\linkResolver.cpp, line 759]
Event: 4.948 Thread 0x0000029c450ce880 Exception <a 'java/lang/ClassNotFoundException'{0x00000000eabee480}: com/sun/org/apache/xml/internal/serializer/spi/XMLEntitiesProvider> (0x00000000eabee480) 
thrown [s\src\hotspot\share\classfile\systemDictionary.cpp, line 256]
Event: 5.057 Thread 0x0000029c450ce880 Exception <a 'java/io/FileNotFoundException'{0x00000000eaf7ff60}> (0x00000000eaf7ff60) 
thrown [s\src\hotspot\share\prims\jni.cpp, line 516]
Event: 5.060 Thread 0x0000029c43e7a100 Exception <a 'java/lang/NoSuchMethodError'{0x00000000eafe51e0}: 'void java.lang.invoke.DirectMethodHandle$Holder.invokeStatic(java.lang.Object, java.lang.Object, java.lang.Object, java.lang.Object)'> (0x00000000eafe51e0) 
thrown [s\src\hotspot\share\interpreter\linkResolver.cpp, line 759]
Event: 5.335 Thread 0x0000029c43e7a100 Exception <a 'java/lang/NoClassDefFoundError'{0x00000000ebfc16a8}: javax/enterprise/inject/Typed> (0x00000000ebfc16a8) 
thrown [s\src\hotspot\share\classfile\systemDictionary.cpp, line 245]
Event: 5.698 Thread 0x0000029c450ce880 Exception <a 'java/lang/UnsatisfiedLinkError'{0x00000000eafd7a00}: 找不到指定的程序。
> (0x00000000eafd7a00) 
thrown [s\src\hotspot\share\prims\jni.cpp, line 535]
Event: 5.709 Thread 0x0000029c450ce880 Exception <a 'java/io/FileNotFoundException'{0x00000000eb037cc8}> (0x00000000eb037cc8) 
thrown [s\src\hotspot\share\prims\jni.cpp, line 516]
Event: 5.741 Thread 0x0000029c450ce880 Exception <a 'java/io/FileNotFoundException'{0x00000000eb1218a0}> (0x00000000eb1218a0) 
thrown [s\src\hotspot\share\prims\jni.cpp, line 516]
Event: 5.761 Thread 0x0000029c450ce880 Exception <a 'java/lang/UnsatisfiedLinkError'{0x00000000eb25ead0}: 找不到指定的程序。
> (0x00000000eb25ead0) 
thrown [s\src\hotspot\share\prims\jni.cpp, line 535]
Event: 5.904 Thread 0x0000029c2c56bd80 Exception <a 'java/lang/NoSuchMethodError'{0x00000000ebcf38e8}: 'java.lang.Object java.lang.invoke.DirectMethodHandle$Holder.invokeStatic(java.lang.Object, java.lang.Object, long, java.lang.Object)'> (0x00000000ebcf38e8) 
thrown [s\src\hotspot\share\interpreter\linkResolver.cpp, line 759]
Event: 5.905 Thread 0x0000029c2c56bd80 Exception <a 'java/lang/NoSuchMethodError'{0x00000000ebcf75c0}: 'java.lang.Object java.lang.invoke.DirectMethodHandle$Holder.invokeStaticInit(java.lang.Object, java.lang.Object, long, java.lang.Object)'> (0x00000000ebcf75c0) 
thrown [s\src\hotspot\share\interpreter\linkResolver.cpp, line 759]
Event: 5.910 Thread 0x0000029c2c56bd80 Exception <a 'java/lang/NoSuchMethodError'{0x00000000ebcfdbd0}: 'java.lang.Object java.lang.invoke.DirectMethodHandle$Holder.newInvokeSpecial(java.lang.Object, java.lang.Object, long)'> (0x00000000ebcfdbd0) 
thrown [s\src\hotspot\share\interpreter\linkResolver.cpp, line 759]
Event: 5.911 Thread 0x0000029c2c56bd80 Exception <a 'java/lang/NoSuchMethodError'{0x00000000ebd018e8}: 'java.lang.Object java.lang.invoke.Invokers$Holder.linkToTargetMethod(java.lang.Object, long, java.lang.Object)'> (0x00000000ebd018e8) 
thrown [s\src\hotspot\share\interpreter\linkResolver.cpp, line 759]
Event: 6.501 Thread 0x0000029c2c56bd80 Exception <a 'java/lang/NoSuchMethodError'{0x00000000ebe14210}: 'void java.lang.invoke.DirectMethodHandle$Holder.invokeSpecial(java.lang.Object, java.lang.Object, java.lang.Object, java.lang.Object, java.lang.Object, java.lang.Object)'> (0x00000000ebe14210) 
thrown [s\src\hotspot\share\interpreter\linkResolver.cpp, line 759]
Event: 6.503 Thread 0x0000029c2c56bd80 Exception <a 'java/lang/IncompatibleClassChangeError'{0x00000000ebe1d050}: Found class java.lang.Object, but interface was expected> (0x00000000ebe1d050) 
thrown [s\src\hotspot\share\interpreter\linkResolver.cpp, line 826]
Event: 6.697 Thread 0x0000029c43e7a100 Exception <a 'java/lang/NoClassDefFoundError'{0x00000000eb07f4f0}: com/google/inject/servlet/ServletModuleTargetVisitor> (0x00000000eb07f4f0) 
thrown [s\src\hotspot\share\classfile\systemDictionary.cpp, line 245]

VM Operations (20 events):
Event: 5.319 Executing VM operation: HandshakeAllThreads
Event: 5.319 Executing VM operation: HandshakeAllThreads done
Event: 5.379 Executing VM operation: ParallelGCFailedAllocation
Event: 5.383 Executing VM operation: ParallelGCFailedAllocation done
Event: 5.586 Executing VM operation: CollectForMetadataAllocation
Event: 5.615 Executing VM operation: CollectForMetadataAllocation done
Event: 5.653 Executing VM operation: HandshakeAllThreads
Event: 5.653 Executing VM operation: HandshakeAllThreads done
Event: 5.770 Executing VM operation: HandshakeAllThreads
Event: 5.770 Executing VM operation: HandshakeAllThreads done
Event: 5.933 Executing VM operation: HandshakeAllThreads
Event: 5.933 Executing VM operation: HandshakeAllThreads done
Event: 6.063 Executing VM operation: ParallelGCFailedAllocation
Event: 6.067 Executing VM operation: ParallelGCFailedAllocation done
Event: 6.182 Executing VM operation: HandshakeAllThreads
Event: 6.193 Executing VM operation: HandshakeAllThreads done
Event: 6.479 Executing VM operation: HandshakeAllThreads
Event: 6.479 Executing VM operation: HandshakeAllThreads done
Event: 6.589 Executing VM operation: ParallelGCFailedAllocation
Event: 6.595 Executing VM operation: ParallelGCFailedAllocation done

Events (20 events):
Event: 6.197 loading class sun/reflect/generics/reflectiveObjects/WildcardTypeImpl done
Event: 6.207 loading class sun/reflect/generics/repository/FieldRepository
Event: 6.209 loading class sun/reflect/generics/repository/FieldRepository done
Event: 6.372 loading class sun/reflect/generics/tree/BooleanSignature
Event: 6.372 loading class sun/reflect/generics/tree/BooleanSignature done
Event: 6.372 loading class sun/reflect/generics/tree/ArrayTypeSignature
Event: 6.372 loading class sun/reflect/generics/tree/ArrayTypeSignature done
Event: 6.441 loading class java/util/concurrent/atomic/AtomicIntegerArray
Event: 6.442 loading class java/util/concurrent/atomic/AtomicIntegerArray done
Event: 6.471 loading class java/util/Currency
Event: 6.471 loading class java/util/Currency done
Event: 6.481 loading class java/util/concurrent/atomic/AtomicLongArray
Event: 6.481 loading class java/util/concurrent/atomic/AtomicLongArray done
Event: 6.558 loading class sun/util/locale/provider/DateFormatProviderImpl
Event: 6.558 loading class sun/util/locale/provider/DateFormatProviderImpl done
Event: 6.566 Thread 0x0000029c44d84090 Thread added: 0x0000029c44d84090
Event: 6.645 loading class jdk/internal/reflect/UnsafeQualifiedIntegerFieldAccessorImpl
Event: 6.645 loading class jdk/internal/reflect/UnsafeQualifiedIntegerFieldAccessorImpl done
Event: 6.716 loading class java/lang/ProcessEnvironment$CheckedKeySet
Event: 6.716 loading class java/lang/ProcessEnvironment$CheckedKeySet done


Dynamic libraries:
0x00007ff61a000000 - 0x00007ff61a00e000 	c:\Users\me\.vscode\extensions\redhat.java-1.16.0-win32-x64\jre\17.0.6-win32-x86_64\bin\java.exe
0x00007ffe57d30000 - 0x00007ffe57f28000 	C:\Windows\SYSTEM32\ntdll.dll
0x00007ffe56d10000 - 0x00007ffe56dcf000 	C:\Windows\System32\KERNEL32.DLL
0x00007ffe55900000 - 0x00007ffe55bf6000 	C:\Windows\System32\KERNELBASE.dll
0x00007ffe55620000 - 0x00007ffe55720000 	C:\Windows\System32\ucrtbase.dll
0x00007ffe4af00000 - 0x00007ffe4af19000 	c:\Users\me\.vscode\extensions\redhat.java-1.16.0-win32-x64\jre\17.0.6-win32-x86_64\bin\VCRUNTIME140.dll
0x00007ffe4f0a0000 - 0x00007ffe4f0b7000 	c:\Users\me\.vscode\extensions\redhat.java-1.16.0-win32-x64\jre\17.0.6-win32-x86_64\bin\jli.dll
0x00007ffe568a0000 - 0x00007ffe56a3d000 	C:\Windows\System32\USER32.dll
0x00007ffe55d30000 - 0x00007ffe55d52000 	C:\Windows\System32\win32u.dll
0x00007ffe56ab0000 - 0x00007ffe56adc000 	C:\Windows\System32\GDI32.dll
0x00007ffe55790000 - 0x00007ffe558a5000 	C:\Windows\System32\gdi32full.dll
0x00007ffe55c90000 - 0x00007ffe55d2d000 	C:\Windows\System32\msvcp_win.dll
0x00007ffe3ce70000 - 0x00007ffe3d10a000 	C:\Windows\WinSxS\amd64_microsoft.windows.common-controls_6595b64144ccf1df_6.0.19041.1110_none_60b5254171f9507e\COMCTL32.dll
0x00007ffe56ae0000 - 0x00007ffe56b7e000 	C:\Windows\System32\msvcrt.dll
0x00007ffe565a0000 - 0x00007ffe565d0000 	C:\Windows\System32\IMM32.DLL
0x0000000059440000 - 0x000000005944c000 	E:\Program Files (x86)\360\360Safe\safemon\SafeWrapper.dll
0x00007ffe56200000 - 0x00007ffe562af000 	C:\Windows\System32\ADVAPI32.dll
0x00007ffe57c50000 - 0x00007ffe57cec000 	C:\Windows\System32\sechost.dll
0x00007ffe56760000 - 0x00007ffe56886000 	C:\Windows\System32\RPCRT4.dll
0x00007ffe47f30000 - 0x00007ffe47fd1000 	E:\Program Files (x86)\360\360Safe\safemon\libzdtp64.dll
0x00007ffe57500000 - 0x00007ffe57c44000 	C:\Windows\System32\SHELL32.dll
0x00007ffe56700000 - 0x00007ffe56755000 	C:\Windows\System32\SHLWAPI.dll
0x00007ffe54f80000 - 0x00007ffe54f8a000 	C:\Windows\SYSTEM32\VERSION.dll
0x00007ffe4f090000 - 0x00007ffe4f09c000 	c:\Users\me\.vscode\extensions\redhat.java-1.16.0-win32-x64\jre\17.0.6-win32-x86_64\bin\vcruntime140_1.dll
0x00007ffe28fa0000 - 0x00007ffe29031000 	c:\Users\me\.vscode\extensions\redhat.java-1.16.0-win32-x64\jre\17.0.6-win32-x86_64\bin\msvcp140.dll
0x00007ffe0fa90000 - 0x00007ffe106d7000 	c:\Users\me\.vscode\extensions\redhat.java-1.16.0-win32-x64\jre\17.0.6-win32-x86_64\bin\server\jvm.dll
0x00007ffe3e4f0000 - 0x00007ffe3e4f9000 	C:\Windows\SYSTEM32\WSOCK32.dll
0x00007ffe573e0000 - 0x00007ffe5744b000 	C:\Windows\System32\WS2_32.dll
0x00007ffe4c730000 - 0x00007ffe4c757000 	C:\Windows\SYSTEM32\WINMM.dll
0x00007ffe53260000 - 0x00007ffe53272000 	C:\Windows\SYSTEM32\kernel.appcore.dll
0x00007ffe4f050000 - 0x00007ffe4f05a000 	c:\Users\me\.vscode\extensions\redhat.java-1.16.0-win32-x64\jre\17.0.6-win32-x86_64\bin\jimage.dll
0x00007ffe4c360000 - 0x00007ffe4c544000 	C:\Windows\SYSTEM32\DBGHELP.DLL
0x00007ffe4c300000 - 0x00007ffe4c334000 	C:\Windows\SYSTEM32\dbgcore.DLL
0x00007ffe55c00000 - 0x00007ffe55c82000 	C:\Windows\System32\bcryptPrimitives.dll
0x00007ffe4dc60000 - 0x00007ffe4dc6e000 	c:\Users\me\.vscode\extensions\redhat.java-1.16.0-win32-x64\jre\17.0.6-win32-x86_64\bin\instrument.dll
0x00007ffe3f920000 - 0x00007ffe3f945000 	c:\Users\me\.vscode\extensions\redhat.java-1.16.0-win32-x64\jre\17.0.6-win32-x86_64\bin\java.dll
0x00007ffe41a80000 - 0x00007ffe41a98000 	c:\Users\me\.vscode\extensions\redhat.java-1.16.0-win32-x64\jre\17.0.6-win32-x86_64\bin\zip.dll
0x00007ffe53460000 - 0x00007ffe53bf3000 	C:\Windows\SYSTEM32\windows.storage.dll
0x00007ffe56f30000 - 0x00007ffe57284000 	C:\Windows\System32\combase.dll
0x00007ffe54de0000 - 0x00007ffe54e0e000 	C:\Windows\SYSTEM32\Wldp.dll
0x00007ffe57450000 - 0x00007ffe574fd000 	C:\Windows\System32\SHCORE.dll
0x00007ffe55340000 - 0x00007ffe55365000 	C:\Windows\SYSTEM32\profapi.dll
0x00007ffe2ee00000 - 0x00007ffe2ee19000 	C:\Users\me\.vscode\extensions\redhat.java-1.16.0-win32-x64\jre\17.0.6-win32-x86_64\bin\net.dll
0x00007ffe4dde0000 - 0x00007ffe4deea000 	C:\Windows\SYSTEM32\WINHTTP.dll
0x00007ffe54b40000 - 0x00007ffe54baa000 	C:\Windows\system32\mswsock.dll
0x00007ffe3cdc0000 - 0x00007ffe3cdd5000 	C:\Users\me\.vscode\extensions\redhat.java-1.16.0-win32-x64\jre\17.0.6-win32-x86_64\bin\nio.dll
0x00007ffe3f3a0000 - 0x00007ffe3f3b0000 	c:\Users\me\.vscode\extensions\redhat.java-1.16.0-win32-x64\jre\17.0.6-win32-x86_64\bin\verify.dll
0x00007ffe2fb30000 - 0x00007ffe2fb6e000 	C:\Users\me\AppData\Roaming\Code\User\globalStorage\redhat.java\1.16.0\config_win\org.eclipse.equinox.launcher\org.eclipse.equinox.launcher.win32.win32.x86_64_1.2.700.v20221108-1024\eclipse_11801.dll
0x00007ffe57290000 - 0x00007ffe573ba000 	C:\Windows\System32\ole32.dll
0x00007ffe54d30000 - 0x00007ffe54d48000 	C:\Windows\SYSTEM32\CRYPTSP.dll
0x00007ffe54380000 - 0x00007ffe543b4000 	C:\Windows\system32\rsaenh.dll
0x00007ffe55d60000 - 0x00007ffe55d87000 	C:\Windows\System32\bcrypt.dll
0x00007ffe55300000 - 0x00007ffe5532e000 	C:\Windows\SYSTEM32\USERENV.dll
0x00007ffe54d50000 - 0x00007ffe54d5c000 	C:\Windows\SYSTEM32\CRYPTBASE.dll
0x00007ffe547c0000 - 0x00007ffe547fb000 	C:\Windows\SYSTEM32\IPHLPAPI.DLL
0x00007ffe565d0000 - 0x00007ffe565d8000 	C:\Windows\System32\NSI.dll
0x00007ffe4eb20000 - 0x00007ffe4eb37000 	C:\Windows\SYSTEM32\dhcpcsvc6.DLL
0x00007ffe4eb00000 - 0x00007ffe4eb1d000 	C:\Windows\SYSTEM32\dhcpcsvc.DLL
0x00007ffe54800000 - 0x00007ffe548ca000 	C:\Windows\SYSTEM32\DNSAPI.dll
0x00007ffe27960000 - 0x00007ffe279a5000 	C:\Users\me\AppData\Local\Temp\jna-3480\jna11003575342045213071.dll
0x00007ffe56890000 - 0x00007ffe56898000 	C:\Windows\System32\PSAPI.DLL

dbghelp: loaded successfully - version: 4.0.5 - missing functions: none
symbol engine: initialized successfully - sym options: 0x614 - pdb path: .;c:\Users\me\.vscode\extensions\redhat.java-1.16.0-win32-x64\jre\17.0.6-win32-x86_64\bin;C:\Windows\SYSTEM32;C:\Windows\WinSxS\amd64_microsoft.windows.common-controls_6595b64144ccf1df_6.0.19041.1110_none_60b5254171f9507e;E:\Program Files (x86)\360\360Safe\safemon;c:\Users\me\.vscode\extensions\redhat.java-1.16.0-win32-x64\jre\17.0.6-win32-x86_64\bin\server;C:\Users\me\AppData\Roaming\Code\User\globalStorage\redhat.java\1.16.0\config_win\org.eclipse.equinox.launcher\org.eclipse.equinox.launcher.win32.win32.x86_64_1.2.700.v20221108-1024;C:\Users\me\AppData\Local\Temp\jna-3480

VM Arguments:
jvm_args: --add-modules=ALL-SYSTEM --add-opens=java.base/java.util=ALL-UNNAMED --add-opens=java.base/java.lang=ALL-UNNAMED --add-opens=java.base/sun.nio.fs=ALL-UNNAMED -Declipse.application=org.eclipse.jdt.ls.core.id1 -Dosgi.bundles.defaultStartLevel=4 -Declipse.product=org.eclipse.jdt.ls.core.product -Djava.import.generatesMetadataFilesAtProjectRoot=false -Dfile.encoding=utf8 -XX:+UseParallelGC -XX:GCTimeRatio=4 -XX:AdaptiveSizePolicyWeight=90 -Dsun.zip.disableMemoryMapping=true -Xmx1G -Xms100m -Xlog:disable -javaagent:c:\Users\me\.vscode\extensions\redhat.java-1.16.0-win32-x64\lombok\lombok-1.18.24.jar -XX:+HeapDumpOnOutOfMemoryError -XX:HeapDumpPath=c:\Users\me\AppData\Roaming\Code\User\workspaceStorage\0ca24feb6683ee46eb2484d2fc0ca70d\redhat.java 
java_command: c:\Users\me\.vscode\extensions\redhat.java-1.16.0-win32-x64\server\plugins\org.eclipse.equinox.launcher_1.6.400.v20210924-0641.jar -configuration c:\Users\me\AppData\Roaming\Code\User\globalStorage\redhat.java\1.16.0\config_win -data c:\Users\me\AppData\Roaming\Code\User\workspaceStorage\0ca24feb6683ee46eb2484d2fc0ca70d\redhat.java\jdt_ws
java_class_path (initial): c:\Users\me\.vscode\extensions\redhat.java-1.16.0-win32-x64\server\plugins\org.eclipse.equinox.launcher_1.6.400.v20210924-0641.jar
Launcher Type: SUN_STANDARD

[Global flags]
    uintx AdaptiveSizePolicyWeight                 = 90                                        {product} {command line}
     intx CICompilerCount                          = 4                                         {product} {ergonomic}
    uintx GCTimeRatio                              = 4                                         {product} {command line}
     bool HeapDumpOnOutOfMemoryError               = true                                   {manageable} {command line}
    ccstr HeapDumpPath                             = c:\Users\me\AppData\Roaming\Code\User\workspaceStorage\0ca24feb6683ee46eb2484d2fc0ca70d\redhat.java         {manageable} {command line}
   size_t InitialHeapSize                          = 104857600                                 {product} {command line}
   size_t MaxHeapSize                              = 1073741824                                {product} {command line}
   size_t MaxNewSize                               = 357564416                                 {product} {ergonomic}
   size_t MinHeapDeltaBytes                        = 524288                                    {product} {ergonomic}
   size_t MinHeapSize                              = 104857600                                 {product} {command line}
   size_t NewSize                                  = 34603008                                  {product} {ergonomic}
    uintx NonNMethodCodeHeapSize                   = 5839372                                {pd product} {ergonomic}
    uintx NonProfiledCodeHeapSize                  = 122909434                              {pd product} {ergonomic}
   size_t OldSize                                  = 70254592                                  {product} {ergonomic}
    uintx ProfiledCodeHeapSize                     = 122909434                              {pd product} {ergonomic}
    uintx ReservedCodeCacheSize                    = 251658240                              {pd product} {ergonomic}
     bool SegmentedCodeCache                       = true                                      {product} {ergonomic}
   size_t SoftMaxHeapSize                          = 1073741824                             {manageable} {ergonomic}
     bool UseCompressedClassPointers               = true                           {product lp64_product} {ergonomic}
     bool UseCompressedOops                        = true                           {product lp64_product} {ergonomic}
     bool UseLargePagesIndividualAllocation        = false                                  {pd product} {ergonomic}
     bool UseParallelGC                            = true                                      {product} {command line}

Logging:
Log output configuration:
 #0: stdout all=off uptime,level,tags
 #1: stderr all=off uptime,level,tags

Environment Variables:
PATH=E:\Program Files\Microsoft\jdk-11.0.19.7-hotspot\bin;E:\Python\Python311\Scripts\;E:\Python\Python311\;C:\Program Files (x86)\Common Files\Oracle\Java\javapath;C:\Windows\system32;C:\Windows;C:\Windows\System32\Wbem;C:\Windows\System32\WindowsPowerShell\v1.0\;C:\Windows\System32\OpenSSH\;E:\Program Files\Git\cmd;E:\Program Files\nodejs\;C:\Program Files\dotnet\;C:\Program Files (x86)\ZeroTier\One\;E:\Program Files (x86)\Lua\5.1;E:\Program Files (x86)\Lua\5.1\clibs;C:\Program Files (x86)\NVIDIA Corporation\PhysX\Common;C:\Users\me\AppData\Roaming\npm;E:\Ѹ\openlogic-openjdk-8u362-b09-windows-x64\openlogic-openjdk-8u362-b09-windows-64\bin;E:\\̨\011 \path-tool;E:\ܱ\nim-1.6.6_x64\nim-1.6.6\bin;E:\ܱ\nim-1.6.6_x64\nim-1.6.6\nimble;E:\ܱ\nim-1.6.6_x64\nim-1.6.6\dist\mingw64\bin;E:\program files\nim-1.6.6_x64\nim-1.6.6\bin;C:\Users\me\.nimble\bin;E:\program files\nim-1.6.6_x64\nim-1.6.6\dist\mingw64\bin;G:\006 \phpstudy_pro\Extensions\composer1.8.5;C:\Users\me\Downloads\file-5.03-bin\bin;E:\Program Files\Microsoft\jdk-11.0.19.7-hotspot\;G:\\GitHubDesktop\bin
USERNAME=me
OS=Windows_NT
PROCESSOR_IDENTIFIER=Intel64 Family 6 Model 60 Stepping 3, GenuineIntel
TMP=C:\Users\me\AppData\Local\Temp
TEMP=C:\Users\me\AppData\Local\Temp



---------------  S Y S T E M  ---------------

OS:
 Windows 10 , 64 bit Build 19041 (10.0.19041.3155)
OS uptime: 0 days 1:44 hours

CPU: total 8 (initial active 8) (4 cores per cpu, 2 threads per core) family 6 model 60 stepping 3 microcode 0x27, cx8, cmov, fxsr, ht, mmx, sse, sse2, sse3, ssse3, sse4.1, sse4.2, popcnt, lzcnt, tsc, tscinvbit, avx, avx2, aes, erms, clmul, bmi1, bmi2, fma, vzeroupper, clflush

Memory: 4k page, system-wide physical 8150M (1821M free)
TotalPageFile size 8150M (AvailPageFile size 3M)
current process WorkingSet (physical memory assigned to process): 178M, peak: 183M
current process commit charge ("private bytes"): 278M, peak: 287M

vm_info: OpenJDK 64-Bit Server VM (17.0.6+10) for windows-amd64 JRE (17.0.6+10), built on Jan 18 2023 10:08:59 by "temurin" with MS VC++ 16.7 (VS2019)

END.
